Start time: 2022-08-21 23:30:00.665367
Model_name:  alphamatrix__covid
Number of records to train:  86
Model directory: /Users/bs/Documents/Dissertation/results_covid/gridsearch/alphamatrix__covid/3474/

****************************************** Baseline LDA ******************************************
Baseline model parameters: Passes = 2, Iterations = 2, Num topics = 5
Variational Lower Bound:  -1061302.5664096146
Mean Cosine Similarity:  0.99
Median Cosine Similarity:  0.989

****************************************** GRID SEARCH - NUM TOPICS ******************************************
Grid search parameters: Passes = 1000, Iterations = 1000, Num topics = range(2, 8), Metric = Variational Lower Bound
num_topics:  2
num_topics:  3
num_topics:  4
num_topics:  5
num_topics:  6
num_topics:  7
   Num Topics  Mean Cosine Similarity  Median Cosine Similarity  Coherence cv  Coherence umass  Perplexity  Variational Lower Bound
0           2                   0.802                     0.802             0                0           0            -1.057564e+06
1           3                   0.868                     0.797             0                0           0            -1.051730e+06
2           4                   0.776                     0.775             0                0           0            -1.051535e+06
3           5                   0.770                     0.686             0                0           0            -1.051749e+06
4           6                   0.746                     0.637             0                0           0            -1.051890e+06
5           7                   0.786                     0.658             0                0           0            -1.052002e+06
Best Variational Lower Bound at Num Topics = 4

****************************************** GRID SEARCH - ALPHA, BETA ******************************************
Grid search parameters: Passes = 1000, Iterations = 1000, Num topics = 4, Metric = Variational Lower Bound
    topics  alpha  beta  Variational Lower Bound  Mean Cosine Similarity  Median Cosine Similarity
0        4   0.01  0.01            -1.053064e+06                   0.654                     0.818
1        4   0.01  0.31            -1.051704e+06                   0.716                     0.673
2        4   0.01  0.61            -1.051622e+06                   0.766                     0.758
3        4   0.01  0.91            -1.051604e+06                   0.791                     0.821
4        4   0.31  0.01            -1.053072e+06                   0.583                     0.815
5        4   0.31  0.31            -1.051514e+06                   0.779                     0.775
6        4   0.31  0.61            -1.051845e+06                   0.779                     0.822
7        4   0.31  0.91            -1.051840e+06                   0.785                     0.818
8        4   0.61  0.01            -1.053055e+06                   0.668                     0.795
9        4   0.61  0.31            -1.051676e+06                   0.772                     0.794
10       4   0.61  0.61            -1.051535e+06                   0.788                     0.785
11       4   0.61  0.91            -1.051505e+06                   0.794                     0.783
12       4   0.91  0.01            -1.053020e+06                   0.707                     0.772
13       4   0.91  0.31            -1.051789e+06                   0.716                     0.783
14       4   0.91  0.61            -1.051654e+06                   0.769                     0.777
15       4   0.91  0.91            -1.051622e+06                   0.787                     0.774
Best Variational Lower Bound at Alpha = 0.61, Tuned Beta = 0.91

****************************************** TUNED HYPERPARAMETERS ******************************************
Tuned model parameters: Num topics = 4, Alpha = 0.61, Beta = 0.91
Finish time: 2022-08-22 00:39:38.802104
