Start time: 2022-08-29 21:07:37.356228
Model_name:  alphamatrix__covid
Model directory: /Users/bs/Documents/TestRun6/MutSigExperiments/Results_covid_it1000_ig0/tuned_train/alphamatrix__covid/combined_signatures/

****************************************** Combine signatures ******************************************
/Users/bs/Documents/TestRun6/MutSigExperiments/Results_covid_it1000_ig0/tuned_train/alphamatrix__covid/7134/alphamatrix__covid__signatures_7134.csv
/Users/bs/Documents/TestRun6/MutSigExperiments/Results_covid_it1000_ig0/tuned_train/alphamatrix__covid/364/alphamatrix__covid__signatures_364.csv
/Users/bs/Documents/TestRun6/MutSigExperiments/Results_covid_it1000_ig0/tuned_train/alphamatrix__covid/9588/alphamatrix__covid__signatures_9588.csv
/Users/bs/Documents/TestRun6/MutSigExperiments/Results_covid_it1000_ig0/tuned_train/alphamatrix__covid/827/alphamatrix__covid__signatures_827.csv
/Users/bs/Documents/TestRun6/MutSigExperiments/Results_covid_it1000_ig0/tuned_train/alphamatrix__covid/3497/alphamatrix__covid__signatures_3497.csv
/Users/bs/Documents/TestRun6/MutSigExperiments/Results_covid_it1000_ig0/tuned_train/alphamatrix__covid/6323/alphamatrix__covid__signatures_6323.csv
/Users/bs/Documents/TestRun6/MutSigExperiments/Results_covid_it1000_ig0/tuned_train/alphamatrix__covid/7465/alphamatrix__covid__signatures_7465.csv
/Users/bs/Documents/TestRun6/MutSigExperiments/Results_covid_it1000_ig0/tuned_train/alphamatrix__covid/6180/alphamatrix__covid__signatures_6180.csv
/Users/bs/Documents/TestRun6/MutSigExperiments/Results_covid_it1000_ig0/tuned_train/alphamatrix__covid/4760/alphamatrix__covid__signatures_4760.csv
/Users/bs/Documents/TestRun6/MutSigExperiments/Results_covid_it1000_ig0/tuned_train/alphamatrix__covid/7528/alphamatrix__covid__signatures_7528.csv
/Users/bs/Documents/TestRun6/MutSigExperiments/Results_covid_it1000_ig0/tuned_train/alphamatrix__covid/8582/alphamatrix__covid__signatures_8582.csv
/Users/bs/Documents/TestRun6/MutSigExperiments/Results_covid_it1000_ig0/tuned_train/alphamatrix__covid/3474/alphamatrix__covid__signatures_3474.csv
/Users/bs/Documents/TestRun6/MutSigExperiments/Results_covid_it1000_ig0/tuned_train/alphamatrix__covid/1384/alphamatrix__covid__signatures_1384.csv
/Users/bs/Documents/TestRun6/MutSigExperiments/Results_covid_it1000_ig0/tuned_train/alphamatrix__covid/6576/alphamatrix__covid__signatures_6576.csv
/Users/bs/Documents/TestRun6/MutSigExperiments/Results_covid_it1000_ig0/tuned_train/alphamatrix__covid/6787/alphamatrix__covid__signatures_6787.csv
/Users/bs/Documents/TestRun6/MutSigExperiments/Results_covid_it1000_ig0/tuned_train/alphamatrix__covid/9212/alphamatrix__covid__signatures_9212.csv
/Users/bs/Documents/TestRun6/MutSigExperiments/Results_covid_it1000_ig0/tuned_train/alphamatrix__covid/combined_signatures/combined_sig.csv
Extracting similar signatures using cosine similarity: 
[[1, 7, 8, 14, 19, 23, 24, 26, 30, 32, 38, 41, 47, 51, 55, 58, 60], [1, 7, 8, 10, 14, 19, 20, 23, 24, 26, 30, 32, 38, 41, 42, 47, 49, 51, 55, 58, 59, 60], [2, 3, 4, 10, 11, 12, 16, 18, 20, 21, 25, 27, 28, 29, 33, 39, 42, 43, 44, 46, 49, 50, 54, 56, 59, 63], [3, 4, 10, 12, 16, 20, 21, 24, 25, 29, 33, 39, 42, 43, 44, 46, 49, 54, 56, 59, 63], [3, 4, 10, 12, 16, 20, 21, 25, 29, 33, 39, 42, 43, 44, 46, 49, 50, 54, 56, 59, 63], [1, 7, 8, 14, 19, 20, 23, 24, 26, 30, 32, 38, 41, 47, 51, 55, 58, 60], [2, 3, 4, 10, 11, 12, 16, 18, 21, 25, 27, 28, 29, 33, 39, 42, 43, 44, 46, 49, 50, 54, 56, 59, 63], [2, 3, 4, 10, 11, 12, 16, 18, 21, 25, 27, 28, 29, 33, 39, 43, 44, 50, 54, 56, 63], [1, 3, 4, 7, 8, 10, 14, 19, 20, 24, 26, 29, 30, 32, 33, 38, 39, 41, 42, 46, 47, 49, 51, 55, 58, 59, 60, 63], [0, 5, 6, 9, 13, 15, 17, 22, 31, 34, 35, 36, 37, 45, 48, 52, 53, 57, 61, 62], [3, 4, 10, 12, 16, 20, 21, 24, 25, 29, 33, 39, 42, 43, 46, 49, 54, 59, 63], [2, 3, 4, 10, 11, 12, 16, 18, 21, 25, 27, 28, 29, 33, 39, 43, 44, 46, 49, 50, 54, 56, 63], [2, 3, 4, 10, 11, 12, 16, 21, 25, 27, 28, 29, 33, 39, 42, 43, 44, 46, 49, 50, 54, 56, 59, 63], [40], [2, 4, 11, 12, 18, 21, 27, 28, 33, 39, 43, 44, 50, 54, 56, 63], [3, 4, 10, 12, 16, 20, 21, 25, 29, 33, 39, 42, 43, 44, 46, 49, 54, 56, 59, 63], [2, 4, 11, 12, 18, 21, 25, 27, 28, 33, 39, 43, 44, 50, 54, 56, 63], [3, 4, 10, 12, 16, 21, 25, 29, 33, 39, 42, 43, 44, 46, 49, 50, 54, 56, 59, 63], [3, 4, 10, 12, 16, 20, 21, 24, 25, 29, 33, 39, 42, 43, 44, 46, 49, 50, 54, 56, 59, 63]]
[[0, 1, 2, 3, 4, 5, 6, 8, 10, 12, 15, 17, 18], [2, 3, 4, 6, 7, 10, 11, 12, 14, 15, 16, 17, 18], [2, 3, 4, 6, 7, 8, 10, 11, 12, 14, 15, 16, 17, 18], [13], [0, 1, 5, 8], [9]]
[[0, 4], [5], [0, 1, 2, 4], [0, 1, 2], [3]]
[[1], [0, 2, 3], [4]]
[[0], [1], [2]]
Pairwise Cosine Similarity of extracted signature: 
          0         1         2
0  1.000000  0.672267  0.467879
1  0.672267  1.000000  0.367205
2  0.467879  0.367205  1.000000
Mean Cosine Similarity of extracted signature: 
0.6683004340636644
Extracted signatures: 
                                0            1         2
mutation_type                                           
A[A>C]A                  0.005288     0.005144  0.081446
A[A>C]C                  0.005107     0.002272  0.001968
A[A>C]G                  0.005103     0.004594  0.008156
A[A>C]T                  0.005034     0.005335  0.005955
A[A>G]A                  0.005252     0.012249  0.085434
...                           ...          ...       ...
T[T>G]C                  0.005003     0.003728  0.002853
T[T>G]G                  0.005142     0.002918  0.001749
T[T>G]T                  0.005484     0.004511  0.005796
support_presence_sum     2.093023  2010.953488  0.197674
support_probability_sum  0.172696   717.147786  0.024533

[194 rows x 3 columns]
/Users/bs/Documents/TestRun6/MutSigExperiments/Results_covid_it1000_ig0/tuned_train/alphamatrix__covid/combined_signatures/extracted_sig__bootstrap_by_cossim.csv
/Users/bs/Documents/TestRun6/MutSigExperiments/Results_covid_it1000_ig0/tuned_train/alphamatrix__covid/combined_signatures/sig_viz.csv
Finish time: 2022-08-29 21:08:20.407648
