Start time: 2022-08-31 01:51:07.954438
Model_name:  wgs_wes__Head-SCC
Number of records to train:  438
Model directory: /Users/bs/Documents/TestRun6/MutSigExperiments/Results_KidneyRCC_it400_ig100/gridsearch/wgs_wes__Head-SCC/3474/

****************************************** Baseline LDA ******************************************
Baseline model parameters: Passes = 2, Iterations = 2, Num topics = 5
Variational Lower Bound:  -4151955.758143902
Mean Cosine Similarity:  0.981
Median Cosine Similarity:  0.986

****************************************** GRID SEARCH - NUM TOPICS ******************************************
Grid search parameters: Passes = 400, Iterations = 400, Num topics = range(2, 30, 2), Metric = Variational Lower Bound
num_topics:  2
Variational Lower Bound: -4017606.088500917
Time taken: 187.633789
num_topics:  4
Variational Lower Bound: -3973047.096021652
Time taken: 351.496133
num_topics:  6
Variational Lower Bound: -3963572.748713672
Time taken: 473.7943
num_topics:  8
Variational Lower Bound: -3959949.5384662747
Time taken: 500.776136
num_topics:  10
Variational Lower Bound: -3957265.8766388297
Time taken: 494.985268
num_topics:  12
Variational Lower Bound: -3954828.765182674
Time taken: 587.987205
num_topics:  14
Variational Lower Bound: -3951478.8620125055
Time taken: 633.02396
num_topics:  16
Variational Lower Bound: -3954846.4766590595
Time taken: 605.979389
num_topics:  18
Variational Lower Bound: -3951805.761563182
Time taken: 663.665671
num_topics:  20
Variational Lower Bound: -3952220.8252550364
Time taken: 674.605013
num_topics:  22
Variational Lower Bound: -3952447.203051746
Time taken: 686.137913
num_topics:  24
Variational Lower Bound: -3952926.528247595
Time taken: 676.514005
num_topics:  26
Variational Lower Bound: -3953391.114666462
Time taken: 670.009137
num_topics:  28
Variational Lower Bound: -3953486.766181171
Time taken: 674.369521
    Num Topics  Mean Cosine Similarity  Median Cosine Similarity  Coherence cv  Coherence umass  Perplexity  Variational Lower Bound     Time(s)
0            2                   0.678                     0.678             0                0           0            -4.017606e+06  187.633789
1            4                   0.457                     0.562             0                0           0            -3.973047e+06  351.496133
2            6                   0.476                     0.481             0                0           0            -3.963573e+06  473.794300
3            8                   0.471                     0.471             0                0           0            -3.959950e+06  500.776136
4           10                   0.401                     0.476             0                0           0            -3.957266e+06  494.985268
5           12                   0.490                     0.485             0                0           0            -3.954829e+06  587.987205
6           14                   0.415                     0.421             0                0           0            -3.951479e+06  633.023960
7           16                   0.444                     0.427             0                0           0            -3.954846e+06  605.979389
8           18                   0.473                     0.418             0                0           0            -3.951806e+06  663.665671
9           20                   0.471                     0.440             0                0           0            -3.952221e+06  674.605013
10          22                   0.534                     0.471             0                0           0            -3.952447e+06  686.137913
11          24                   0.622                     0.501             0                0           0            -3.952927e+06  676.514005
12          26                   0.683                     0.517             0                0           0            -3.953391e+06  670.009137
13          28                   0.699                     0.523             0                0           0            -3.953487e+06  674.369521
Best Variational Lower Bound at Num Topics = 14

****************************************** GRID SEARCH - ALPHA, BETA ******************************************
Grid search parameters: Passes = 400, Iterations = 400, Num topics = 14, Metric = Variational Lower Bound
    topics  alpha  beta  Variational Lower Bound  Mean Cosine Similarity  Median Cosine Similarity
0       14   0.01  0.01            -3.954794e+06                   0.421                     0.410
1       14   0.01  0.31            -3.952678e+06                   0.453                     0.450
2       14   0.01  0.61            -3.953910e+06                   0.490                     0.461
3       14   0.01  0.91            -3.953851e+06                   0.497                     0.495
4       14   0.31  0.01            -3.954746e+06                   0.371                     0.325
5       14   0.31  0.31            -3.954979e+06                   0.452                     0.423
6       14   0.31  0.61            -3.954550e+06                   0.464                     0.433
7       14   0.31  0.91            -3.953703e+06                   0.466                     0.476
8       14   0.61  0.01            -3.954091e+06                   0.359                     0.284
9       14   0.61  0.31            -3.951807e+06                   0.366                     0.305
10      14   0.61  0.61            -3.952041e+06                   0.370                     0.311
11      14   0.61  0.91            -3.953547e+06                   0.407                     0.362
12      14   0.91  0.01            -3.954056e+06                   0.358                     0.292
13      14   0.91  0.31            -3.951713e+06                   0.365                     0.310
14      14   0.91  0.61            -3.951755e+06                   0.369                     0.322
15      14   0.91  0.91            -3.953152e+06                   0.373                     0.303
Best Variational Lower Bound at Alpha = 0.91, Tuned Beta = 0.31

****************************************** TUNED HYPERPARAMETERS ******************************************
Tuned model parameters: Num topics = 14, Alpha = 0.91, Beta = 0.31
Finish time: 2022-08-31 07:07:12.331457
