Start time: 2022-08-30 10:15:39.238447
Model_name:  wgs_wes__Kidney-RCC
Number of records to train:  226
Model directory: /Users/bs/Documents/TestRun6/MutSigExperiments/Results_KidneyRCC_it400_ig100/tuned_train/wgs_wes__Kidney-RCC/4088/

****************************************** LDA TRAINING ******************************************
Tuned model parameters: Num topics = 12, Alpha = 0.31, Beta = 0.91
Passes = 400, Iterations = 400
LDA Signatures (with support): 
topic        mutation_type         0         1         2         3         4         5         6         7         8         9        10        11
0                  A[C>A]A  0.010348  0.060734  0.010348  0.010348  0.022758  0.018596  0.008766  0.014943  0.005947  0.007627  0.026782  0.030310
1                  A[C>A]C  0.010382  0.023624  0.010382  0.010382  0.003491  0.012678  0.010956  0.007106  0.005328  0.003808  0.010545  0.012925
2                  A[C>A]G  0.010425  0.005537  0.010425  0.010425  0.003005  0.002108  0.003810  0.001415  0.000872  0.000924  0.002486  0.003176
3                  A[C>A]T  0.010360  0.026291  0.010360  0.010360  0.009526  0.012585  0.006512  0.008272  0.006116  0.004036  0.010494  0.017908
4                  A[C>G]A  0.010348  0.012839  0.010348  0.010348  0.015156  0.015360  0.007524  0.009063  0.004027  0.003349  0.011514  0.010279
..                     ...       ...       ...       ...       ...       ...       ...       ...       ...       ...       ...       ...       ...
93                 T[T>G]C  0.010444  0.003409  0.010444  0.010444  0.005917  0.005678  0.001681  0.016512  0.001824  0.001690  0.006408  0.010244
94                 T[T>G]G  0.010392  0.004723  0.010392  0.010392  0.005719  0.006697  0.004563  0.011186  0.001868  0.004563  0.005283  0.006421
95                 T[T>G]T  0.010362  0.012065  0.010362  0.010362  0.094169  0.014401  0.003104  0.034687  0.005235  0.003277  0.006489  0.016596
96        support_presence       NaN  0.796460       NaN       NaN  0.376106  0.827434  0.778761  0.774336  0.845133  0.455752  0.646018  0.734513
97     support_probability       NaN  0.141459       NaN       NaN  0.032912  0.174206  0.096466  0.204513  0.096485  0.040692  0.069056  0.137315

[98 rows x 13 columns]
Mean Cosine Similarity:  0.669
Median Cosine Similarity:  0.762
Variational Lower Bound:  -4601791.860173702

****************************************** SAVE TO DISK ******************************************
/Users/bs/Documents/TestRun6/MutSigExperiments/Results_KidneyRCC_it400_ig100/tuned_train/wgs_wes__Kidney-RCC/4088/similarity_to_cosmic.csv
Mean cosine similarity with matching COSMIC signatures: 
0.8845808217641368
/Users/bs/Documents/TestRun6/MutSigExperiments/Results_KidneyRCC_it400_ig100/tuned_train/wgs_wes__Kidney-RCC/4088/sig_viz.csv
/Users/bs/Documents/TestRun6/MutSigExperiments/Results_KidneyRCC_it400_ig100/tuned_train/wgs_wes__Kidney-RCC/4088/wgs_wes__Kidney-RCC__document_signature_probabilities_4088.csv
/Users/bs/Documents/TestRun6/MutSigExperiments/Results_KidneyRCC_it400_ig100/tuned_train/wgs_wes__Kidney-RCC/4088/wgs_wes__Kidney-RCC__signatures_4088.csv
/Users/bs/Documents/TestRun6/MutSigExperiments/Results_KidneyRCC_it400_ig100/tuned_train/wgs_wes__Kidney-RCC/4088/wgs_wes__Kidney-RCC__document_signature_probabilities_4088.png
Finish time: 2022-08-30 10:37:31.936048
