Start time: 2022-08-31 09:01:15.978827
Model_name:  wgs_wes__Head-SCC
Number of records to train:  438
Model directory: /Users/bs/Documents/TestRun6/MutSigExperiments/Results_KidneyRCC_it400_ig100/ensemble_train/wgs_wes__Head-SCC/3474/

****************************************** ENSEMBLE TRAINING ******************************************
Tuned model parameters: Num topics = 14, Alpha = 0.91, Beta = 0.31
Num models = 16 Passes = 400, Iterations = 400
Training EnsembleLDA (may take some time depending on the parameters): 

****************************************** SAVE TO DISK ******************************************
/Users/bs/Documents/TestRun6/MutSigExperiments/Results_KidneyRCC_it400_ig100/ensemble_train/wgs_wes__Head-SCC/3474

/Users/bs/Documents/TestRun6/MutSigExperiments/Results_KidneyRCC_it400_ig100/ensemble_train/wgs_wes__Head-SCC/3474/tuned_model/wgs_wes__Head-SCC
Training complete. Saving trained model locally at: /Users/bs/Documents/TestRun6/MutSigExperiments/Results_KidneyRCC_it400_ig100/ensemble_train/wgs_wes__Head-SCC/3474/tuned_model/wgs_wes__Head-SCC
Ensemble num topics: 9
LDA Signatures (with support): 
topic        mutation_type         0         1  ...         6         7         8
0                  A[C>A]A  0.001499  0.005709  ...  0.031425  0.018224  0.013894
1                  A[C>A]C  0.000889  0.003364  ...  0.010103  0.008476  0.029070
2                  A[C>A]G  0.000092  0.001180  ...  0.004497  0.001415  0.040684
3                  A[C>A]T  0.000984  0.005015  ...  0.003995  0.012610  0.009861
4                  A[C>G]A  0.003209  0.000806  ...  0.007480  0.007345  0.011758
..                     ...       ...       ...  ...       ...       ...       ...
93                 T[T>G]C  0.000283  0.001085  ...  0.002024  0.004127  0.001550
94                 T[T>G]G  0.000412  0.000811  ...  0.009210  0.006127  0.002858
95                 T[T>G]T  0.000678  0.011800  ...  0.000408  0.012255  0.000027
96        support_presence  0.910959  0.910959  ...  0.826484  0.904110  0.856164
97     support_probability  0.195727  0.053723  ...  0.052154  0.128845  0.101608

[98 rows x 10 columns]
topic_probabilities: 
 topic  document         0         1  ...         6         7         8
0             0       NaN       NaN  ...       NaN  0.017423       NaN
1             1       NaN  0.032222  ...  0.770206  0.035809  0.010558
2             2  0.057926       NaN  ...  0.736683  0.023728  0.046101
3             3  0.191613  0.012550  ...  0.600124  0.019988  0.018177
4             4       NaN  0.020776  ...  0.698400  0.062637  0.058730
..          ...       ...       ...  ...       ...       ...       ...
433         433  0.156255  0.039435  ...  0.015802  0.572294  0.013920
434         434  0.878203       NaN  ...       NaN  0.048366       NaN
435         435       NaN  0.071715  ...       NaN  0.230852  0.012152
436         436  0.155039  0.109419  ...       NaN  0.177959       NaN
437         437  0.161162  0.044185  ...  0.026083  0.270251  0.034731

[438 rows x 10 columns]
/Users/bs/Documents/TestRun6/MutSigExperiments/Results_KidneyRCC_it400_ig100/ensemble_train/wgs_wes__Head-SCC/3474/similarity_to_cosmic.csv
Mean cosine similarity with matching COSMIC signatures: 
0.8811276327562527
/Users/bs/Documents/TestRun6/MutSigExperiments/Results_KidneyRCC_it400_ig100/ensemble_train/wgs_wes__Head-SCC/3474/sig_viz.csv
/Users/bs/Documents/TestRun6/MutSigExperiments/Results_KidneyRCC_it400_ig100/ensemble_train/wgs_wes__Head-SCC/3474/wgs_wes__Head-SCC__document_signature_probabilities_3474.csv
/Users/bs/Documents/TestRun6/MutSigExperiments/Results_KidneyRCC_it400_ig100/ensemble_train/wgs_wes__Head-SCC/3474/wgs_wes__Head-SCC__ensemble_signatures_3474.csv
Finish time: 2022-08-31 09:57:30.960080
