Start time: 2022-08-30 10:58:08.548583
Model_name:  wgs_wes__Kidney-RCC
Number of records to train:  226
Model directory: /Users/bs/Documents/TestRun6/MutSigExperiments/Results_KidneyRCC_it400_ig100/tuned_train/wgs_wes__Kidney-RCC/4336/

****************************************** LDA TRAINING ******************************************
Tuned model parameters: Num topics = 12, Alpha = 0.31, Beta = 0.91
Passes = 400, Iterations = 400
LDA Signatures (with support): 
topic        mutation_type         0         1         2         3         4         5         6         7         8         9        10        11
0                  A[C>A]A  0.000625  0.020636  0.015119  0.018226  0.006787  0.016275  0.022910  0.021251  0.051915  0.021105  0.003098  0.007377
1                  A[C>A]C  0.002384  0.012676  0.006617  0.010562  0.005924  0.009316  0.003671  0.008034  0.019699  0.016957  0.006232  0.003580
2                  A[C>A]G  0.000986  0.002832  0.001278  0.001619  0.000908  0.002038  0.003214  0.002041  0.004722  0.002575  0.002781  0.000964
3                  A[C>A]T  0.002038  0.009387  0.009052  0.012257  0.006588  0.012722  0.010082  0.007800  0.024380  0.013241  0.005345  0.003525
4                  A[C>G]A  0.004145  0.016594  0.007704  0.009963  0.004348  0.005102  0.015266  0.009533  0.010967  0.024210  0.003813  0.002985
..                     ...       ...       ...       ...       ...       ...       ...       ...       ...       ...       ...       ...       ...
93                 T[T>G]C  0.000632  0.010431  0.017372  0.002862  0.001745  0.004327  0.005564  0.005512  0.005700  0.005328  0.001865  0.001521
94                 T[T>G]G  0.001868  0.007949  0.011335  0.006600  0.001864  0.004955  0.005706  0.004537  0.005183  0.007279  0.003459  0.004264
95                 T[T>G]T  0.000636  0.019878  0.035880  0.008612  0.004036  0.012793  0.098441  0.009779  0.012823  0.010832  0.002822  0.002839
96        support_presence  0.119469  0.774336  0.716814  0.353982  0.579646  0.792035  0.327434  0.553097  0.796460  0.659292  0.681416  0.318584
97     support_probability  0.009270  0.135441  0.172733  0.015101  0.049878  0.118869  0.029765  0.058569  0.200446  0.082280  0.083654  0.034374

[98 rows x 13 columns]
Mean Cosine Similarity:  0.564
Median Cosine Similarity:  0.687
Variational Lower Bound:  -4600258.4728165865

****************************************** SAVE TO DISK ******************************************
/Users/bs/Documents/TestRun6/MutSigExperiments/Results_KidneyRCC_it400_ig100/tuned_train/wgs_wes__Kidney-RCC/4336/similarity_to_cosmic.csv
Mean cosine similarity with matching COSMIC signatures: 
0.8772049637029286
/Users/bs/Documents/TestRun6/MutSigExperiments/Results_KidneyRCC_it400_ig100/tuned_train/wgs_wes__Kidney-RCC/4336/sig_viz.csv
/Users/bs/Documents/TestRun6/MutSigExperiments/Results_KidneyRCC_it400_ig100/tuned_train/wgs_wes__Kidney-RCC/4336/wgs_wes__Kidney-RCC__document_signature_probabilities_4336.csv
/Users/bs/Documents/TestRun6/MutSigExperiments/Results_KidneyRCC_it400_ig100/tuned_train/wgs_wes__Kidney-RCC/4336/wgs_wes__Kidney-RCC__signatures_4336.csv
/Users/bs/Documents/TestRun6/MutSigExperiments/Results_KidneyRCC_it400_ig100/tuned_train/wgs_wes__Kidney-RCC/4336/wgs_wes__Kidney-RCC__document_signature_probabilities_4336.png
Finish time: 2022-08-30 11:23:14.512903
