Start time: 2022-08-29 18:54:00.973219
Model_name:  alphamatrix__covid
Number of records to train:  86
Model directory: /Users/bs/Documents/TestRun6/MutSigExperiments/Results_covid_it1000_ig0/tuned_train/alphamatrix__covid/364/

****************************************** LDA TRAINING ******************************************
Tuned model parameters: Num topics = 4, Alpha = 0.61, Beta = 0.91
Passes = 1000, Iterations = 1000
LDA Signatures (with support): 
topic        mutation_type         0         1         2         3
0                  A[A>C]A  0.006553  0.005394  0.005266  0.002861
1                  A[A>C]C  0.003413  0.005216  0.005091  0.000361
2                  A[A>C]G  0.006093  0.005174  0.005077  0.001925
3                  A[A>C]T  0.007319  0.005119  0.005010  0.001993
4                  A[A>G]A  0.012381  0.005334  0.005213  0.011401
..                     ...       ...       ...       ...       ...
189                T[T>G]C  0.005238  0.005084  0.004967  0.001063
190                T[T>G]G  0.004378  0.005241  0.005119  0.000599
191                T[T>G]T  0.006776  0.005392  0.005269  0.000948
192       support_presence  0.941860  0.104651  0.104651  0.988372
193    support_probability  0.413664  0.006841  0.009102  0.568303

[194 rows x 5 columns]
Mean Cosine Similarity:  0.797
Median Cosine Similarity:  0.847
Variational Lower Bound:  -1052099.1766831875

****************************************** SAVE TO DISK ******************************************
/Users/bs/Documents/TestRun6/MutSigExperiments/Results_covid_it1000_ig0/tuned_train/alphamatrix__covid/364/sig_viz.csv
/Users/bs/Documents/TestRun6/MutSigExperiments/Results_covid_it1000_ig0/tuned_train/alphamatrix__covid/364/alphamatrix__covid__document_signature_probabilities_364.csv
/Users/bs/Documents/TestRun6/MutSigExperiments/Results_covid_it1000_ig0/tuned_train/alphamatrix__covid/364/alphamatrix__covid__signatures_364.csv
/Users/bs/Documents/TestRun6/MutSigExperiments/Results_covid_it1000_ig0/tuned_train/alphamatrix__covid/364/alphamatrix__covid__document_signature_probabilities_364.png
Finish time: 2022-08-29 19:02:02.365805
