Start time: 2022-08-29 19:33:40.258307
Model_name:  wgs_wes__Breast
Number of records to train:  934
Model directory: /Users/bs/Documents/TestRun6/MutSigExperiments/Results_Breast_it200_ig100/tuned_train/wgs_wes__Breast/282/

****************************************** LDA TRAINING ******************************************
Tuned model parameters: Num topics = 14, Alpha = 0.31, Beta = 0.31
Passes = 200, Iterations = 200
LDA Signatures (with support): 
topic        mutation_type         0         1         2         3         4         5         6         7         8         9        10        11        12        13
0                  A[C>A]A  0.010824  0.016842  0.003523  0.026093  0.012632  0.010043  0.030516  0.021428  0.016887  0.000018  0.029334  0.000772  0.012964  0.013605
1                  A[C>A]C  0.010498  0.012676  0.002819  0.025474  0.012044  0.008966  0.011161  0.015089  0.013416  0.000383  0.025095  0.000510  0.011533  0.008464
2                  A[C>A]G  0.001663  0.001551  0.000193  0.003240  0.002798  0.001296  0.002302  0.001810  0.001614  0.000013  0.003523  0.000115  0.003818  0.002795
3                  A[C>A]T  0.006521  0.011927  0.001861  0.029999  0.007106  0.009235  0.015508  0.010987  0.011476  0.001694  0.014635  0.000519  0.011763  0.008603
4                  A[C>G]A  0.003426  0.013269  0.002360  0.014701  0.004457  0.013331  0.002308  0.010113  0.004402  0.001194  0.013489  0.001741  0.021983  0.021150
..                     ...       ...       ...       ...       ...       ...       ...       ...       ...       ...       ...       ...       ...       ...       ...
93                 T[T>G]C  0.001660  0.006495  0.008857  0.002758  0.002852  0.002923  0.002130  0.003029  0.003836  0.000168  0.003979  0.000076  0.004829  0.008664
94                 T[T>G]G  0.002487  0.008790  0.004840  0.007525  0.003751  0.004862  0.002005  0.006450  0.005470  0.001615  0.004350  0.000114  0.007662  0.015300
95                 T[T>G]T  0.004720  0.020328  0.094625  0.008044  0.008772  0.009473  0.013526  0.008355  0.016473  0.004715  0.006761  0.000318  0.014023  0.020166
96        support_presence  0.758030  0.503212  0.197002  0.539615  0.741970  0.453961  0.660600  0.445396  0.623126  0.448608  0.704497  0.592077  0.501071  0.527837
97     support_probability  0.106527  0.036590  0.007534  0.077812  0.174380  0.045736  0.054108  0.024802  0.071480  0.030755  0.102779  0.146981  0.053818  0.055299

[98 rows x 15 columns]
Mean Cosine Similarity:  0.522
Median Cosine Similarity:  0.536
Variational Lower Bound:  -17956426.233634233

****************************************** SAVE TO DISK ******************************************
/Users/bs/Documents/TestRun6/MutSigExperiments/Results_Breast_it200_ig100/tuned_train/wgs_wes__Breast/282/similarity_to_cosmic.csv
Mean cosine similarity with matching COSMIC signatures: 
0.8732846648063947
/Users/bs/Documents/TestRun6/MutSigExperiments/Results_Breast_it200_ig100/tuned_train/wgs_wes__Breast/282/sig_viz.csv
/Users/bs/Documents/TestRun6/MutSigExperiments/Results_Breast_it200_ig100/tuned_train/wgs_wes__Breast/282/wgs_wes__Breast__document_signature_probabilities_282.csv
/Users/bs/Documents/TestRun6/MutSigExperiments/Results_Breast_it200_ig100/tuned_train/wgs_wes__Breast/282/wgs_wes__Breast__signatures_282.csv
/Users/bs/Documents/TestRun6/MutSigExperiments/Results_Breast_it200_ig100/tuned_train/wgs_wes__Breast/282/wgs_wes__Breast__document_signature_probabilities_282.png
Finish time: 2022-08-29 19:47:11.944600
