Start time: 2022-08-30 12:51:33.146235
Model_name:  wgs_wes__Kidney-RCC
Number of records to train:  226
Model directory: /Users/bs/Documents/TestRun6/MutSigExperiments/Results_KidneyRCC_it400_ig100/tuned_train/wgs_wes__Kidney-RCC/8036/

****************************************** LDA TRAINING ******************************************
Tuned model parameters: Num topics = 12, Alpha = 0.31, Beta = 0.91
Passes = 400, Iterations = 400
LDA Signatures (with support): 
topic        mutation_type         0         1  ...         9        10        11
0                  A[C>A]A  0.024139  0.017229  ...  0.047360  0.007509  0.005802
1                  A[C>A]C  0.003145  0.012254  ...  0.019207  0.003674  0.010575
2                  A[C>A]G  0.003164  0.002035  ...  0.004663  0.000952  0.005831
3                  A[C>A]T  0.010221  0.012420  ...  0.021288  0.003628  0.005807
4                  A[C>G]A  0.015924  0.014888  ...  0.012569  0.002923  0.011074
..                     ...       ...       ...  ...       ...       ...       ...
93                 T[T>G]C  0.005564  0.004868  ...  0.006247  0.001974  0.011871
94                 T[T>G]G  0.005679  0.006318  ...  0.005143  0.004281  0.011762
95                 T[T>G]T  0.103244  0.012751  ...  0.013224  0.003512  0.010974
96        support_presence  0.336283  0.796460  ...  0.823009  0.234513  0.004425
97     support_probability  0.028678  0.147939  ...  0.202952  0.026684  0.002855

[98 rows x 13 columns]
Mean Cosine Similarity:  0.62
Median Cosine Similarity:  0.709
Variational Lower Bound:  -4601781.870801568

****************************************** SAVE TO DISK ******************************************
/Users/bs/Documents/TestRun6/MutSigExperiments/Results_KidneyRCC_it400_ig100/tuned_train/wgs_wes__Kidney-RCC/8036/similarity_to_cosmic.csv
Mean cosine similarity with matching COSMIC signatures: 
0.8726131846808473
/Users/bs/Documents/TestRun6/MutSigExperiments/Results_KidneyRCC_it400_ig100/tuned_train/wgs_wes__Kidney-RCC/8036/sig_viz.csv
/Users/bs/Documents/TestRun6/MutSigExperiments/Results_KidneyRCC_it400_ig100/tuned_train/wgs_wes__Kidney-RCC/8036/wgs_wes__Kidney-RCC__document_signature_probabilities_8036.csv
/Users/bs/Documents/TestRun6/MutSigExperiments/Results_KidneyRCC_it400_ig100/tuned_train/wgs_wes__Kidney-RCC/8036/wgs_wes__Kidney-RCC__signatures_8036.csv
/Users/bs/Documents/TestRun6/MutSigExperiments/Results_KidneyRCC_it400_ig100/tuned_train/wgs_wes__Kidney-RCC/8036/wgs_wes__Kidney-RCC__document_signature_probabilities_8036.png
Finish time: 2022-08-30 13:05:47.592308
