Start time: 2022-08-31 15:18:22.884453
Model_name:  wgs_wes__Head-SCC
Number of records to train:  438
Model directory: /Users/bs/Documents/TestRun6/MutSigExperiments/Results_KidneyRCC_it400_ig100/tuned_train/wgs_wes__Head-SCC/6931/

****************************************** LDA TRAINING ******************************************
Tuned model parameters: Num topics = 14, Alpha = 0.91, Beta = 0.31
Passes = 400, Iterations = 400
LDA Signatures (with support): 
topic        mutation_type         0         1         2         3         4         5         6         7         8         9        10        11        12        13
0                  A[C>A]A  0.031439  0.002381  0.012819  0.000031  0.006207  0.019520  0.001646  0.006460  0.000367  0.025783  0.015833  0.004672  0.038917  0.026132
1                  A[C>A]C  0.010586  0.000567  0.001381  0.001012  0.006389  0.008254  0.001101  0.002524  0.001558  0.007736  0.027797  0.003949  0.020149  0.034409
2                  A[C>A]G  0.004358  0.000162  0.001768  0.000016  0.003076  0.001038  0.000097  0.000882  0.000151  0.000607  0.038810  0.000645  0.008944  0.002785
3                  A[C>A]T  0.004166  0.000313  0.009617  0.000968  0.005739  0.013585  0.001100  0.004766  0.000382  0.010644  0.010882  0.003541  0.023287  0.016129
4                  A[C>G]A  0.007897  0.000194  0.000022  0.000896  0.002370  0.008401  0.003446  0.001372  0.000207  0.011170  0.014352  0.002627  0.014032  0.002331
..                     ...       ...       ...       ...       ...       ...       ...       ...       ...       ...       ...       ...       ...       ...       ...
93                 T[T>G]C  0.002177  0.000357  0.000298  0.000264  0.008004  0.003991  0.000358  0.001378  0.000727  0.004487  0.001419  0.000488  0.001034  0.004107
94                 T[T>G]G  0.009519  0.000921  0.000326  0.000015  0.001062  0.007663  0.000502  0.001448  0.000049  0.008413  0.003992  0.001005  0.004025  0.001336
95                 T[T>G]T  0.000840  0.000721  0.000022  0.000582  0.000671  0.015201  0.000597  0.016515  0.000011  0.023926  0.000016  0.003222  0.003336  0.004978
96        support_presence  0.787671  0.924658  0.764840  0.899543  0.872146  0.867580  0.926941  0.901826  0.945205  0.899543  0.881279  0.824201  0.894977  0.894977
97     support_probability  0.046127  0.057521  0.053962  0.052599  0.061284  0.052154  0.197391  0.047462  0.134795  0.061057  0.092621  0.024350  0.056108  0.052320

[98 rows x 15 columns]
Mean Cosine Similarity:  0.389
Median Cosine Similarity:  0.319
Variational Lower Bound:  -3951837.044234872

****************************************** SAVE TO DISK ******************************************
/Users/bs/Documents/TestRun6/MutSigExperiments/Results_KidneyRCC_it400_ig100/tuned_train/wgs_wes__Head-SCC/6931/similarity_to_cosmic.csv
Mean cosine similarity with matching COSMIC signatures: 
0.8803305727009901
/Users/bs/Documents/TestRun6/MutSigExperiments/Results_KidneyRCC_it400_ig100/tuned_train/wgs_wes__Head-SCC/6931/sig_viz.csv
/Users/bs/Documents/TestRun6/MutSigExperiments/Results_KidneyRCC_it400_ig100/tuned_train/wgs_wes__Head-SCC/6931/wgs_wes__Head-SCC__document_signature_probabilities_6931.csv
/Users/bs/Documents/TestRun6/MutSigExperiments/Results_KidneyRCC_it400_ig100/tuned_train/wgs_wes__Head-SCC/6931/wgs_wes__Head-SCC__signatures_6931.csv
/Users/bs/Documents/TestRun6/MutSigExperiments/Results_KidneyRCC_it400_ig100/tuned_train/wgs_wes__Head-SCC/6931/wgs_wes__Head-SCC__document_signature_probabilities_6931.png
Finish time: 2022-08-31 15:55:41.913110
