Start time: 2022-08-29 19:05:48.854776
Model_name:  wgs_wes__Breast
Number of records to train:  934
Model directory: /Users/bs/Documents/TestRun6/MutSigExperiments/Results_Breast_it200_ig100/tuned_train/wgs_wes__Breast/3474/

****************************************** LDA TRAINING ******************************************
Tuned model parameters: Num topics = 14, Alpha = 0.31, Beta = 0.31
Passes = 200, Iterations = 200
LDA Signatures (with support): 
topic        mutation_type         0         1         2         3         4         5         6         7         8         9        10        11        12        13
0                  A[C>A]A  0.004161  0.009956  0.000380  0.002525  0.005208  0.000007  0.036169  0.006350  0.018240  0.010834  0.019619  0.000668  0.022433  0.033712
1                  A[C>A]C  0.003582  0.010766  0.002550  0.002400  0.004849  0.000140  0.019011  0.005776  0.013353  0.007289  0.019110  0.000318  0.022719  0.021977
2                  A[C>A]G  0.000219  0.002480  0.000501  0.000260  0.000644  0.000002  0.003445  0.001156  0.001584  0.003472  0.002320  0.000130  0.003191  0.002652
3                  A[C>A]T  0.002699  0.005473  0.007203  0.001494  0.004860  0.002168  0.017764  0.004197  0.011442  0.005689  0.014687  0.000396  0.025732  0.019488
4                  A[C>G]A  0.002463  0.004038  0.000792  0.001728  0.007221  0.001234  0.004897  0.003873  0.011953  0.025561  0.007472  0.001925  0.017970  0.009670
..                     ...       ...       ...       ...       ...       ...       ...       ...       ...       ...       ...       ...       ...       ...       ...
93                 T[T>G]C  0.009183  0.002715  0.003495  0.000302  0.001515  0.000065  0.002176  0.004236  0.004135  0.007213  0.003428  0.000052  0.004231  0.003502
94                 T[T>G]G  0.005078  0.003703  0.001506  0.000793  0.001933  0.001746  0.003139  0.005895  0.007160  0.011153  0.003715  0.000066  0.009088  0.009638
95                 T[T>G]T  0.096802  0.008139  0.027846  0.001177  0.004976  0.004655  0.006738  0.014247  0.016734  0.015576  0.011767  0.000128  0.011058  0.008520
96        support_presence  0.235546  0.858672  0.365096  0.683084  0.509636  0.383298  0.761242  0.638116  0.567452  0.656317  0.716274  0.458244  0.643469  0.427195
97     support_probability  0.008249  0.186298  0.014089  0.066486  0.049940  0.023712  0.105979  0.051408  0.052998  0.094701  0.100523  0.095174  0.115441  0.023119

[98 rows x 15 columns]
Mean Cosine Similarity:  0.438
Median Cosine Similarity:  0.447
Variational Lower Bound:  -17939506.447887897

****************************************** SAVE TO DISK ******************************************
/Users/bs/Documents/TestRun6/MutSigExperiments/Results_Breast_it200_ig100/tuned_train/wgs_wes__Breast/3474/similarity_to_cosmic.csv
Mean cosine similarity with matching COSMIC signatures: 
0.8956299908053074
/Users/bs/Documents/TestRun6/MutSigExperiments/Results_Breast_it200_ig100/tuned_train/wgs_wes__Breast/3474/sig_viz.csv
/Users/bs/Documents/TestRun6/MutSigExperiments/Results_Breast_it200_ig100/tuned_train/wgs_wes__Breast/3474/wgs_wes__Breast__document_signature_probabilities_3474.csv
/Users/bs/Documents/TestRun6/MutSigExperiments/Results_Breast_it200_ig100/tuned_train/wgs_wes__Breast/3474/wgs_wes__Breast__signatures_3474.csv
/Users/bs/Documents/TestRun6/MutSigExperiments/Results_Breast_it200_ig100/tuned_train/wgs_wes__Breast/3474/wgs_wes__Breast__document_signature_probabilities_3474.png
Finish time: 2022-08-29 19:20:05.697717
