Start time: 2022-08-29 20:59:29.755394
Model_name:  wgs_wes__Breast
Number of records to train:  934
Model directory: /Users/bs/Documents/TestRun6/MutSigExperiments/Results_Breast_it200_ig100/tuned_train/wgs_wes__Breast/4039/

****************************************** LDA TRAINING ******************************************
Tuned model parameters: Num topics = 14, Alpha = 0.31, Beta = 0.31
Passes = 200, Iterations = 200
LDA Signatures (with support): 
topic        mutation_type         0         1         2         3         4         5         6         7         8         9        10        11        12        13
0                  A[C>A]A  0.010254  0.004006  0.014287  0.025318  0.035721  0.000015  0.006267  0.012666  0.000630  0.000314  0.011062  0.011584  0.026206  0.003566
1                  A[C>A]C  0.011280  0.003079  0.013228  0.025944  0.018349  0.000259  0.005469  0.008625  0.000350  0.002520  0.009426  0.010371  0.016926  0.003835
2                  A[C>A]G  0.002639  0.000242  0.002085  0.003149  0.003207  0.000002  0.000802  0.001079  0.000107  0.000519  0.003460  0.001298  0.002678  0.000695
3                  A[C>A]T  0.005544  0.002258  0.008418  0.027338  0.016935  0.002308  0.005582  0.006471  0.000355  0.007034  0.009420  0.007284  0.017351  0.002740
4                  A[C>G]A  0.004059  0.002924  0.009727  0.012455  0.004846  0.001272  0.007479  0.007225  0.001773  0.000804  0.025600  0.003143  0.020450  0.002375
..                     ...       ...       ...       ...       ...       ...       ...       ...       ...       ...       ...       ...       ...       ...       ...
93                 T[T>G]C  0.002735  0.009204  0.004346  0.003054  0.002219  0.000085  0.001565  0.005122  0.000038  0.003274  0.006162  0.001460  0.006595  0.002846
94                 T[T>G]G  0.003538  0.005274  0.004376  0.006555  0.003041  0.001764  0.002020  0.008442  0.000096  0.001429  0.009939  0.002407  0.013747  0.004253
95                 T[T>G]T  0.007982  0.095340  0.012984  0.010187  0.007738  0.004855  0.004898  0.019478  0.000148  0.026934  0.015070  0.004151  0.012923  0.011556
96        support_presence  0.845824  0.233405  0.698073  0.668094  0.732334  0.420771  0.503212  0.540685  0.494647  0.335118  0.649893  0.633833  0.555675  0.627409
97     support_probability  0.172935  0.008255  0.078167  0.113471  0.105914  0.024305  0.047396  0.040822  0.122318  0.013714  0.100098  0.063969  0.054135  0.043133

[98 rows x 15 columns]
Mean Cosine Similarity:  0.442
Median Cosine Similarity:  0.425
Variational Lower Bound:  -17940225.11223781

****************************************** SAVE TO DISK ******************************************
/Users/bs/Documents/TestRun6/MutSigExperiments/Results_Breast_it200_ig100/tuned_train/wgs_wes__Breast/4039/similarity_to_cosmic.csv
Mean cosine similarity with matching COSMIC signatures: 
0.8949871530676081
/Users/bs/Documents/TestRun6/MutSigExperiments/Results_Breast_it200_ig100/tuned_train/wgs_wes__Breast/4039/sig_viz.csv
/Users/bs/Documents/TestRun6/MutSigExperiments/Results_Breast_it200_ig100/tuned_train/wgs_wes__Breast/4039/wgs_wes__Breast__document_signature_probabilities_4039.csv
/Users/bs/Documents/TestRun6/MutSigExperiments/Results_Breast_it200_ig100/tuned_train/wgs_wes__Breast/4039/wgs_wes__Breast__signatures_4039.csv
/Users/bs/Documents/TestRun6/MutSigExperiments/Results_Breast_it200_ig100/tuned_train/wgs_wes__Breast/4039/wgs_wes__Breast__document_signature_probabilities_4039.png
Finish time: 2022-08-29 21:12:27.587333
