Start time: 2022-08-31 11:29:17.953638
Model_name:  wgs_wes__Eso
Number of records to train:  724
Model directory: /Users/bs/Documents/TestRun6/MutSigExperiments/Results_KidneyRCC_it400_ig100/tuned_train/wgs_wes__Eso/825/

****************************************** LDA TRAINING ******************************************
Tuned model parameters: Num topics = 12, Alpha = 0.31, Beta = 0.31
Passes = 400, Iterations = 400
LDA Signatures (with support): 
topic        mutation_type         0         1         2         3         4         5         6         7         8         9        10        11
0                  A[C>A]A  0.004794  0.001985  0.013932  0.019920  0.003528  0.010351  0.042070  0.002298  0.019471  0.008902  0.010351  0.011981
1                  A[C>A]C  0.008191  0.001808  0.009252  0.016353  0.001638  0.010354  0.013976  0.001346  0.010707  0.006342  0.010354  0.004538
2                  A[C>A]G  0.005420  0.000222  0.000689  0.002817  0.001224  0.010707  0.002674  0.000179  0.000666  0.000886  0.010707  0.001135
3                  A[C>A]T  0.002146  0.002636  0.006961  0.016702  0.002015  0.010213  0.019812  0.001567  0.010633  0.006502  0.010213  0.006942
4                  A[C>G]A  0.003017  0.001949  0.002525  0.013803  0.004791  0.010367  0.004286  0.000954  0.004848  0.003035  0.010367  0.006153
..                     ...       ...       ...       ...       ...       ...       ...       ...       ...       ...       ...       ...       ...
93                 T[T>G]C  0.001603  0.000727  0.001756  0.005617  0.001152  0.010375  0.001131  0.007109  0.001477  0.004411  0.010375  0.006965
94                 T[T>G]G  0.000943  0.002431  0.003305  0.009851  0.000716  0.010392  0.002598  0.003987  0.003335  0.004854  0.010392  0.007188
95                 T[T>G]T  0.000077  0.010272  0.009346  0.017766  0.000169  0.009963  0.009316  0.092960  0.027152  0.076617  0.009963  0.034343
96        support_presence  0.947514  0.368785  0.493094  0.599448  0.686464       NaN  0.515193  0.368785  0.280387  0.330110       NaN  0.244475
97     support_probability  0.344097  0.042765  0.050357  0.146996  0.150252       NaN  0.064633  0.090611  0.043714  0.033846       NaN  0.018361

[98 rows x 13 columns]
Mean Cosine Similarity:  0.454
Median Cosine Similarity:  0.43
Variational Lower Bound:  -12895274.699635506

****************************************** SAVE TO DISK ******************************************
/Users/bs/Documents/TestRun6/MutSigExperiments/Results_KidneyRCC_it400_ig100/tuned_train/wgs_wes__Eso/825/similarity_to_cosmic.csv
Mean cosine similarity with matching COSMIC signatures: 
0.8989872026167646
/Users/bs/Documents/TestRun6/MutSigExperiments/Results_KidneyRCC_it400_ig100/tuned_train/wgs_wes__Eso/825/sig_viz.csv
/Users/bs/Documents/TestRun6/MutSigExperiments/Results_KidneyRCC_it400_ig100/tuned_train/wgs_wes__Eso/825/wgs_wes__Eso__document_signature_probabilities_825.csv
/Users/bs/Documents/TestRun6/MutSigExperiments/Results_KidneyRCC_it400_ig100/tuned_train/wgs_wes__Eso/825/wgs_wes__Eso__signatures_825.csv
/Users/bs/Documents/TestRun6/MutSigExperiments/Results_KidneyRCC_it400_ig100/tuned_train/wgs_wes__Eso/825/wgs_wes__Eso__document_signature_probabilities_825.png
Finish time: 2022-08-31 11:48:40.130745
