Start time: 2022-08-29 20:18:55.331916
Model_name:  wgs_wes__Breast
Number of records to train:  934
Model directory: /Users/bs/Documents/TestRun6/MutSigExperiments/Results_Breast_it200_ig100/tuned_train/wgs_wes__Breast/9411/

****************************************** LDA TRAINING ******************************************
Tuned model parameters: Num topics = 14, Alpha = 0.31, Beta = 0.31
Passes = 200, Iterations = 200
LDA Signatures (with support): 
topic        mutation_type         0         1         2         3         4         5         6         7         8         9        10        11        12        13
0                  A[C>A]A  0.037360  0.012152  0.000740  0.004995  0.009527  0.004165  0.011594  0.000516  0.019128  0.004304  0.018136  0.000007  0.027174  0.015964
1                  A[C>A]C  0.018660  0.012085  0.000496  0.005051  0.009791  0.003284  0.008921  0.002686  0.015314  0.003813  0.015527  0.000376  0.027488  0.012595
2                  A[C>A]G  0.003108  0.001821  0.000105  0.000913  0.001321  0.000279  0.007274  0.000522  0.002674  0.000641  0.002725  0.000009  0.003431  0.001525
3                  A[C>A]T  0.019390  0.007146  0.000459  0.003583  0.006787  0.002313  0.005271  0.007272  0.016034  0.003893  0.009291  0.002141  0.028607  0.011575
4                  A[C>G]A  0.005717  0.004645  0.001578  0.003225  0.011737  0.003149  0.012591  0.000664  0.025134  0.006540  0.004658  0.001044  0.011213  0.010634
..                     ...       ...       ...       ...       ...       ...       ...       ...       ...       ...       ...       ...       ...       ...       ...
93                 T[T>G]C  0.002279  0.002059  0.000048  0.002915  0.002906  0.009178  0.006180  0.003399  0.006283  0.001272  0.003966  0.000150  0.002665  0.005655
94                 T[T>G]G  0.002956  0.003877  0.000118  0.004814  0.004711  0.005220  0.006377  0.001646  0.011845  0.001539  0.003459  0.001530  0.006311  0.010050
95                 T[T>G]T  0.007925  0.007456  0.000203  0.011166  0.011555  0.093965  0.014517  0.029148  0.013701  0.004126  0.008926  0.004701  0.008533  0.022958
96        support_presence  0.717345  0.809422  0.675589  0.543897  0.671306  0.233405  0.662741  0.255889  0.581370  0.626338  0.648822  0.434690  0.613490  0.624197
97     support_probability  0.082666  0.149219  0.147338  0.028131  0.047845  0.008283  0.064457  0.009521  0.110608  0.060123  0.112264  0.025774  0.082513  0.059272

[98 rows x 15 columns]
Mean Cosine Similarity:  0.461
Median Cosine Similarity:  0.515
Variational Lower Bound:  -17941269.652660012

****************************************** SAVE TO DISK ******************************************
/Users/bs/Documents/TestRun6/MutSigExperiments/Results_Breast_it200_ig100/tuned_train/wgs_wes__Breast/9411/similarity_to_cosmic.csv
Mean cosine similarity with matching COSMIC signatures: 
0.8910557196299269
/Users/bs/Documents/TestRun6/MutSigExperiments/Results_Breast_it200_ig100/tuned_train/wgs_wes__Breast/9411/sig_viz.csv
/Users/bs/Documents/TestRun6/MutSigExperiments/Results_Breast_it200_ig100/tuned_train/wgs_wes__Breast/9411/wgs_wes__Breast__document_signature_probabilities_9411.csv
/Users/bs/Documents/TestRun6/MutSigExperiments/Results_Breast_it200_ig100/tuned_train/wgs_wes__Breast/9411/wgs_wes__Breast__signatures_9411.csv
/Users/bs/Documents/TestRun6/MutSigExperiments/Results_Breast_it200_ig100/tuned_train/wgs_wes__Breast/9411/wgs_wes__Breast__document_signature_probabilities_9411.png
Finish time: 2022-08-29 20:33:17.834611
