Start time: 2022-08-31 12:48:58.524650
Model_name:  wgs_wes__Head-SCC
Number of records to train:  438
Model directory: /Users/bs/Documents/TestRun6/MutSigExperiments/Results_KidneyRCC_it400_ig100/tuned_train/wgs_wes__Head-SCC/3730/

****************************************** LDA TRAINING ******************************************
Tuned model parameters: Num topics = 14, Alpha = 0.91, Beta = 0.31
Passes = 400, Iterations = 400
LDA Signatures (with support): 
topic        mutation_type         0         1         2         3         4         5         6         7         8         9        10        11        12        13
0                  A[C>A]A  0.039295  0.006379  0.016631  0.033208  0.031166  0.001605  0.010151  0.002279  0.000022  0.014470  0.002259  0.015857  0.012786  0.000358
1                  A[C>A]C  0.020505  0.002381  0.030489  0.010622  0.010317  0.000735  0.006067  0.003551  0.000437  0.005073  0.001103  0.011336  0.001914  0.007240
2                  A[C>A]G  0.008744  0.000416  0.038908  0.001293  0.004408  0.000397  0.000010  0.000588  0.000022  0.000774  0.000166  0.000473  0.001875  0.000078
3                  A[C>A]T  0.023566  0.005104  0.011574  0.013216  0.004138  0.001169  0.005589  0.002674  0.000022  0.008111  0.000344  0.014348  0.009576  0.001101
4                  A[C>G]A  0.014477  0.003675  0.012562  0.008499  0.007693  0.002230  0.011069  0.002044  0.000206  0.006082  0.000104  0.005171  0.000017  0.000476
..                     ...       ...       ...       ...       ...       ...       ...       ...       ...       ...       ...       ...       ...       ...       ...
93                 T[T>G]C  0.001079  0.004328  0.001834  0.004769  0.002174  0.000067  0.002532  0.000145  0.002063  0.004182  0.000349  0.004483  0.000317  0.000500
94                 T[T>G]G  0.004287  0.004064  0.002662  0.006904  0.009118  0.000082  0.004773  0.000402  0.000022  0.006061  0.000640  0.007056  0.000345  0.000047
95                 T[T>G]T  0.003692  0.008590  0.000014  0.014627  0.000077  0.000399  0.008438  0.002146  0.000021  0.040878  0.000569  0.016572  0.000016  0.000090
96        support_presence  0.892694  0.863014  0.883562  0.906393  0.789954  0.920091  0.906393  0.808219  0.883562  0.869863  0.947489  0.872146  0.785388  0.933790
97     support_probability  0.062590  0.065314  0.101479  0.061277  0.046319  0.156311  0.053966  0.024253  0.093597  0.036127  0.062684  0.041459  0.057790  0.126461

[98 rows x 15 columns]
Mean Cosine Similarity:  0.384
Median Cosine Similarity:  0.34
Variational Lower Bound:  -3952606.197485566

****************************************** SAVE TO DISK ******************************************
/Users/bs/Documents/TestRun6/MutSigExperiments/Results_KidneyRCC_it400_ig100/tuned_train/wgs_wes__Head-SCC/3730/similarity_to_cosmic.csv
Mean cosine similarity with matching COSMIC signatures: 
0.8733138580829622
/Users/bs/Documents/TestRun6/MutSigExperiments/Results_KidneyRCC_it400_ig100/tuned_train/wgs_wes__Head-SCC/3730/sig_viz.csv
/Users/bs/Documents/TestRun6/MutSigExperiments/Results_KidneyRCC_it400_ig100/tuned_train/wgs_wes__Head-SCC/3730/wgs_wes__Head-SCC__document_signature_probabilities_3730.csv
/Users/bs/Documents/TestRun6/MutSigExperiments/Results_KidneyRCC_it400_ig100/tuned_train/wgs_wes__Head-SCC/3730/wgs_wes__Head-SCC__signatures_3730.csv
/Users/bs/Documents/TestRun6/MutSigExperiments/Results_KidneyRCC_it400_ig100/tuned_train/wgs_wes__Head-SCC/3730/wgs_wes__Head-SCC__document_signature_probabilities_3730.png
Finish time: 2022-08-31 12:58:35.785106
