Start time: 2022-08-31 12:18:14.101791
Model_name:  wgs_wes__Head-SCC
Number of records to train:  438
Model directory: /Users/bs/Documents/TestRun6/MutSigExperiments/Results_KidneyRCC_it400_ig100/tuned_train/wgs_wes__Head-SCC/4521/

****************************************** LDA TRAINING ******************************************
Tuned model parameters: Num topics = 14, Alpha = 0.91, Beta = 0.31
Passes = 400, Iterations = 400
LDA Signatures (with support): 
topic        mutation_type         0         1         2         3         4         5         6         7         8         9        10        11        12        13
0                  A[C>A]A  0.000993  0.021234  0.000601  0.012225  0.000372  0.029265  0.014444  0.002640  0.020955  0.010418  0.000016  0.002240  0.024460  0.040490
1                  A[C>A]C  0.000513  0.010249  0.001189  0.010399  0.008945  0.012185  0.007283  0.001405  0.006671  0.003660  0.000787  0.007913  0.006726  0.022516
2                  A[C>A]G  0.000440  0.002288  0.000019  0.001091  0.004948  0.009587  0.000096  0.000329  0.000251  0.012695  0.000250  0.000748  0.001340  0.010925
3                  A[C>A]T  0.001061  0.016988  0.001707  0.012319  0.000778  0.003875  0.006554  0.000470  0.011279  0.008163  0.000016  0.001675  0.010118  0.024127
4                  A[C>G]A  0.002522  0.010857  0.000918  0.005542  0.001974  0.008697  0.010439  0.000153  0.007283  0.000115  0.000551  0.000162  0.006588  0.014895
..                     ...       ...       ...       ...       ...       ...       ...       ...       ...       ...       ...       ...       ...       ...       ...
93                 T[T>G]C  0.000097  0.005641  0.000162  0.003196  0.001794  0.002294  0.002419  0.000417  0.004582  0.000464  0.000871  0.001492  0.004299  0.000837
94                 T[T>G]G  0.000113  0.004590  0.000246  0.005629  0.000227  0.008982  0.004920  0.000798  0.007821  0.000384  0.000015  0.000033  0.006671  0.003957
95                 T[T>G]T  0.000590  0.011471  0.001855  0.008760  0.000011  0.000119  0.008116  0.000715  0.041308  0.000017  0.000015  0.000161  0.013774  0.002575
96        support_presence  0.856164  0.844749  0.751142  0.826484  0.931507  0.821918  0.885845  0.938356  0.874429  0.805936  0.901826  0.926941  0.874429  0.892694
97     support_probability  0.127429  0.058635  0.023713  0.046101  0.122795  0.055916  0.045378  0.058391  0.038499  0.061372  0.081068  0.104917  0.052001  0.112629

[98 rows x 15 columns]
Mean Cosine Similarity:  0.375
Median Cosine Similarity:  0.359
Variational Lower Bound:  -3953371.7623633146

****************************************** SAVE TO DISK ******************************************
/Users/bs/Documents/TestRun6/MutSigExperiments/Results_KidneyRCC_it400_ig100/tuned_train/wgs_wes__Head-SCC/4521/similarity_to_cosmic.csv
Mean cosine similarity with matching COSMIC signatures: 
0.8632382993638718
/Users/bs/Documents/TestRun6/MutSigExperiments/Results_KidneyRCC_it400_ig100/tuned_train/wgs_wes__Head-SCC/4521/sig_viz.csv
/Users/bs/Documents/TestRun6/MutSigExperiments/Results_KidneyRCC_it400_ig100/tuned_train/wgs_wes__Head-SCC/4521/wgs_wes__Head-SCC__document_signature_probabilities_4521.csv
/Users/bs/Documents/TestRun6/MutSigExperiments/Results_KidneyRCC_it400_ig100/tuned_train/wgs_wes__Head-SCC/4521/wgs_wes__Head-SCC__signatures_4521.csv
/Users/bs/Documents/TestRun6/MutSigExperiments/Results_KidneyRCC_it400_ig100/tuned_train/wgs_wes__Head-SCC/4521/wgs_wes__Head-SCC__document_signature_probabilities_4521.png
Finish time: 2022-08-31 12:27:56.226280
