Start time: 2022-08-31 17:32:55.660771
Model_name:  wgs_wes__Head-SCC
Number of records to train:  438
Model directory: /Users/bs/Documents/TestRun6/MutSigExperiments/Results_KidneyRCC_it400_ig100/tuned_train/wgs_wes__Head-SCC/4166/

****************************************** LDA TRAINING ******************************************
Tuned model parameters: Num topics = 14, Alpha = 0.91, Beta = 0.31
Passes = 400, Iterations = 400
LDA Signatures (with support): 
topic        mutation_type         0         1         2         3         4         5         6         7         8         9        10        11        12        13
0                  A[C>A]A  0.016497  0.017133  0.000050  0.000226  0.029976  0.010577  0.000058  0.000015  0.008919  0.038494  0.002324  0.020640  0.001816  0.031111
1                  A[C>A]C  0.001544  0.009207  0.003829  0.005073  0.011710  0.006034  0.000869  0.000697  0.004154  0.020580  0.001181  0.030681  0.001004  0.010579
2                  A[C>A]G  0.002288  0.001603  0.000086  0.000155  0.000842  0.001821  0.000020  0.000011  0.000246  0.009027  0.000107  0.038820  0.000096  0.004279
3                  A[C>A]T  0.012099  0.013262  0.000049  0.000718  0.013453  0.005570  0.001334  0.000014  0.007571  0.023241  0.000378  0.013772  0.001265  0.004144
4                  A[C>G]A  0.000028  0.006799  0.000052  0.000563  0.011461  0.000687  0.001618  0.001027  0.005154  0.013966  0.000134  0.014494  0.003726  0.007780
..                     ...       ...       ...       ...       ...       ...       ...       ...       ...       ...       ...       ...       ...       ...       ...
93                 T[T>G]C  0.000322  0.004279  0.001100  0.001256  0.004903  0.001692  0.000029  0.000878  0.003558  0.000882  0.000394  0.002378  0.000318  0.002335
94                 T[T>G]G  0.000323  0.006089  0.001048  0.000061  0.008218  0.001108  0.000059  0.000011  0.006075  0.003920  0.000742  0.003504  0.000630  0.009303
95                 T[T>G]T  0.000028  0.011496  0.000046  0.000008  0.018271  0.005129  0.001488  0.000011  0.047928  0.002985  0.000644  0.000017  0.001172  0.000273
96        support_presence  0.707763  0.863014  0.714612  0.933790  0.910959  0.940639  0.767123  0.906393  0.828767  0.888128  0.949772  0.878995  0.915525  0.792237
97     support_probability  0.035525  0.082044  0.039616  0.138602  0.064257  0.080968  0.024316  0.110474  0.028817  0.055273  0.061010  0.100421  0.119942  0.046797

[98 rows x 15 columns]
Mean Cosine Similarity:  0.331
Median Cosine Similarity:  0.274
Variational Lower Bound:  -3952432.1401108503

****************************************** SAVE TO DISK ******************************************
/Users/bs/Documents/TestRun6/MutSigExperiments/Results_KidneyRCC_it400_ig100/tuned_train/wgs_wes__Head-SCC/4166/similarity_to_cosmic.csv
Mean cosine similarity with matching COSMIC signatures: 
0.8884010417538611
/Users/bs/Documents/TestRun6/MutSigExperiments/Results_KidneyRCC_it400_ig100/tuned_train/wgs_wes__Head-SCC/4166/sig_viz.csv
/Users/bs/Documents/TestRun6/MutSigExperiments/Results_KidneyRCC_it400_ig100/tuned_train/wgs_wes__Head-SCC/4166/wgs_wes__Head-SCC__document_signature_probabilities_4166.csv
/Users/bs/Documents/TestRun6/MutSigExperiments/Results_KidneyRCC_it400_ig100/tuned_train/wgs_wes__Head-SCC/4166/wgs_wes__Head-SCC__signatures_4166.csv
/Users/bs/Documents/TestRun6/MutSigExperiments/Results_KidneyRCC_it400_ig100/tuned_train/wgs_wes__Head-SCC/4166/wgs_wes__Head-SCC__document_signature_probabilities_4166.png
Finish time: 2022-08-31 17:51:54.946089
