Start time: 2022-08-31 13:52:43.396205
Model_name:  wgs_wes__Head-SCC
Number of records to train:  438
Model directory: /Users/bs/Documents/TestRun6/MutSigExperiments/Results_KidneyRCC_it400_ig100/tuned_train/wgs_wes__Head-SCC/4963/

****************************************** LDA TRAINING ******************************************
Tuned model parameters: Num topics = 14, Alpha = 0.91, Beta = 0.31
Passes = 400, Iterations = 400
LDA Signatures (with support): 
topic        mutation_type         0         1         2         3         4         5         6         7         8         9        10        11        12        13
0                  A[C>A]A  0.019939  0.029666  0.038937  0.001934  0.012454  0.032202  0.001093  0.005264  0.000031  0.002734  0.020787  0.001453  0.012286  0.006363
1                  A[C>A]C  0.008862  0.010195  0.020250  0.000872  0.001196  0.009786  0.001289  0.051343  0.001309  0.000552  0.024601  0.003361  0.002426  0.006324
2                  A[C>A]G  0.001815  0.000605  0.008712  0.000058  0.001568  0.004574  0.000517  0.000261  0.000019  0.000134  0.044892  0.000687  0.001408  0.000605
3                  A[C>A]T  0.013791  0.012218  0.023394  0.001174  0.009324  0.003968  0.000567  0.015190  0.001142  0.000390  0.011386  0.001572  0.008478  0.005258
4                  A[C>G]A  0.006924  0.008572  0.014084  0.003260  0.000022  0.007411  0.000513  0.002595  0.000830  0.000182  0.010005  0.000146  0.004274  0.017485
..                     ...       ...       ...       ...       ...       ...       ...       ...       ...       ...       ...       ...       ...       ...       ...
93                 T[T>G]C  0.003920  0.004390  0.000898  0.000231  0.000292  0.001819  0.000570  0.005310  0.000124  0.000349  0.000809  0.001117  0.003055  0.007026
94                 T[T>G]G  0.006350  0.007673  0.003974  0.000496  0.000303  0.009273  0.000124  0.000870  0.000019  0.000792  0.002806  0.000013  0.005191  0.006480
95                 T[T>G]T  0.012143  0.020518  0.003209  0.001220  0.000022  0.000113  0.000009  0.002236  0.001215  0.000718  0.000016  0.000117  0.048809  0.002048
96        support_presence  0.860731  0.892694  0.892694  0.917808  0.773973  0.755708  0.945205  0.863014  0.778539  0.938356  0.878995  0.917808  0.824201  0.920091
97     support_probability  0.068282  0.058986  0.055539  0.170404  0.054952  0.043713  0.144474  0.046698  0.027456  0.056816  0.083412  0.076668  0.028213  0.073420

[98 rows x 15 columns]
Mean Cosine Similarity:  0.362
Median Cosine Similarity:  0.297
Variational Lower Bound:  -3952446.5171130896

****************************************** SAVE TO DISK ******************************************
/Users/bs/Documents/TestRun6/MutSigExperiments/Results_KidneyRCC_it400_ig100/tuned_train/wgs_wes__Head-SCC/4963/similarity_to_cosmic.csv
Mean cosine similarity with matching COSMIC signatures: 
0.8844852967176935
/Users/bs/Documents/TestRun6/MutSigExperiments/Results_KidneyRCC_it400_ig100/tuned_train/wgs_wes__Head-SCC/4963/sig_viz.csv
/Users/bs/Documents/TestRun6/MutSigExperiments/Results_KidneyRCC_it400_ig100/tuned_train/wgs_wes__Head-SCC/4963/wgs_wes__Head-SCC__document_signature_probabilities_4963.csv
/Users/bs/Documents/TestRun6/MutSigExperiments/Results_KidneyRCC_it400_ig100/tuned_train/wgs_wes__Head-SCC/4963/wgs_wes__Head-SCC__signatures_4963.csv
/Users/bs/Documents/TestRun6/MutSigExperiments/Results_KidneyRCC_it400_ig100/tuned_train/wgs_wes__Head-SCC/4963/wgs_wes__Head-SCC__document_signature_probabilities_4963.png
Finish time: 2022-08-31 14:01:03.912007
