Start time: 2022-08-29 20:46:20.300523
Model_name:  wgs_wes__Breast
Number of records to train:  934
Model directory: /Users/bs/Documents/TestRun6/MutSigExperiments/Results_Breast_it200_ig100/tuned_train/wgs_wes__Breast/1014/

****************************************** LDA TRAINING ******************************************
Tuned model parameters: Num topics = 14, Alpha = 0.31, Beta = 0.31
Passes = 200, Iterations = 200
LDA Signatures (with support): 
topic        mutation_type         0         1         2         3         4         5         6         7         8         9        10        11        12        13
0                  A[C>A]A  0.002774  0.000553  0.000810  0.000166  0.016894  0.022777  0.016679  0.031193  0.030858  0.010840  0.027485  0.011947  0.018226  0.004233
1                  A[C>A]C  0.002494  0.001745  0.000546  0.001071  0.014826  0.018449  0.015085  0.012650  0.019005  0.008024  0.026410  0.008949  0.015599  0.003339
2                  A[C>A]G  0.000464  0.000072  0.000104  0.000134  0.001379  0.002664  0.003103  0.002357  0.002449  0.003635  0.003395  0.001529  0.002555  0.000273
3                  A[C>A]T  0.002734  0.004468  0.000428  0.000751  0.012070  0.013968  0.009334  0.015996  0.014435  0.010782  0.028922  0.007253  0.009892  0.002327
4                  A[C>G]A  0.005172  0.002290  0.001479  0.000989  0.013170  0.019461  0.004634  0.002417  0.008790  0.027645  0.012911  0.005088  0.009950  0.003060
..                     ...       ...       ...       ...       ...       ...       ...       ...       ...       ...       ...       ...       ...       ...       ...
93                 T[T>G]C  0.000815  0.000280  0.000047  0.000424  0.003490  0.005291  0.002739  0.002043  0.003704  0.007289  0.003112  0.004623  0.005152  0.009448
94                 T[T>G]G  0.000883  0.001516  0.000146  0.002693  0.005828  0.007048  0.003022  0.001946  0.009523  0.013225  0.007367  0.006406  0.007701  0.005299
95                 T[T>G]T  0.002562  0.005602  0.000207  0.004646  0.009003  0.012185  0.006845  0.013197  0.009337  0.017412  0.009305  0.015655  0.018035  0.098773
96        support_presence  0.567452  0.437901  0.680942  0.602784  0.495717  0.640257  0.861884  0.714133  0.324411  0.525696  0.582441  0.596360  0.668094  0.216274
97     support_probability  0.060613  0.021807  0.136617  0.044501  0.049376  0.061725  0.225950  0.061191  0.014852  0.076262  0.090088  0.054884  0.082700  0.007765

[98 rows x 15 columns]
Mean Cosine Similarity:  0.484
Median Cosine Similarity:  0.519
Variational Lower Bound:  -17944186.521090746

****************************************** SAVE TO DISK ******************************************
/Users/bs/Documents/TestRun6/MutSigExperiments/Results_Breast_it200_ig100/tuned_train/wgs_wes__Breast/1014/similarity_to_cosmic.csv
Mean cosine similarity with matching COSMIC signatures: 
0.8760984800354161
/Users/bs/Documents/TestRun6/MutSigExperiments/Results_Breast_it200_ig100/tuned_train/wgs_wes__Breast/1014/sig_viz.csv
/Users/bs/Documents/TestRun6/MutSigExperiments/Results_Breast_it200_ig100/tuned_train/wgs_wes__Breast/1014/wgs_wes__Breast__document_signature_probabilities_1014.csv
/Users/bs/Documents/TestRun6/MutSigExperiments/Results_Breast_it200_ig100/tuned_train/wgs_wes__Breast/1014/wgs_wes__Breast__signatures_1014.csv
/Users/bs/Documents/TestRun6/MutSigExperiments/Results_Breast_it200_ig100/tuned_train/wgs_wes__Breast/1014/wgs_wes__Breast__document_signature_probabilities_1014.png
Finish time: 2022-08-29 20:59:29.384913
