Start time: 2022-08-29 22:01:10.222794
Model_name:  wgs_wes__Breast
Number of records to train:  934
Model directory: /Users/bs/Documents/TestRun6/MutSigExperiments/Results_Breast_it200_ig100/tuned_train/wgs_wes__Breast/5945/

****************************************** LDA TRAINING ******************************************
Tuned model parameters: Num topics = 14, Alpha = 0.31, Beta = 0.31
Passes = 200, Iterations = 200
LDA Signatures (with support): 
topic        mutation_type         0         1         2         3         4         5         6         7         8         9        10        11        12        13
0                  A[C>A]A  0.006598  0.010249  0.004348  0.004077  0.018162  0.024452  0.000034  0.011649  0.016586  0.014748  0.034601  0.003627  0.003686  0.000851
1                  A[C>A]C  0.008073  0.010597  0.004271  0.003339  0.016113  0.023791  0.000547  0.011471  0.011038  0.012969  0.019342  0.003638  0.003135  0.000541
2                  A[C>A]G  0.002094  0.011474  0.000767  0.000277  0.003013  0.003203  0.000003  0.002146  0.003164  0.001066  0.003034  0.000933  0.000584  0.000105
3                  A[C>A]T  0.004462  0.010263  0.003408  0.002441  0.010058  0.025778  0.002466  0.008248  0.010868  0.009590  0.016175  0.009794  0.003352  0.000443
4                  A[C>G]A  0.005325  0.010199  0.003136  0.002854  0.004310  0.015224  0.000949  0.015538  0.024190  0.006231  0.004711  0.001201  0.005799  0.001586
..                     ...       ...       ...       ...       ...       ...       ...       ...       ...       ...       ...       ...       ...       ...       ...
93                 T[T>G]C  0.002442  0.010358  0.003196  0.009247  0.003419  0.003722  0.000089  0.004789  0.006855  0.003775  0.002298  0.003150  0.000983  0.000038
94                 T[T>G]G  0.004680  0.010051  0.005021  0.005290  0.003467  0.007873  0.001381  0.006059  0.012332  0.005839  0.003012  0.001763  0.001145  0.000126
95                 T[T>G]T  0.009130  0.009977  0.013271  0.095765  0.008329  0.010675  0.004392  0.016248  0.015197  0.013689  0.006752  0.025905  0.003025  0.000152
96        support_presence  0.825482       NaN  0.630621  0.230193  0.674518  0.674518  0.468951  0.715203  0.616702  0.502141  0.736617  0.436831  0.531049  0.574946
97     support_probability  0.124625       NaN  0.042844  0.008088  0.123467  0.129608  0.026495  0.072261  0.099300  0.035944  0.118389  0.017853  0.057596  0.132473

[98 rows x 15 columns]
Mean Cosine Similarity:  0.471
Median Cosine Similarity:  0.54
Variational Lower Bound:  -17942643.885209084

****************************************** SAVE TO DISK ******************************************
/Users/bs/Documents/TestRun6/MutSigExperiments/Results_Breast_it200_ig100/tuned_train/wgs_wes__Breast/5945/similarity_to_cosmic.csv
Mean cosine similarity with matching COSMIC signatures: 
0.8928458442524525
/Users/bs/Documents/TestRun6/MutSigExperiments/Results_Breast_it200_ig100/tuned_train/wgs_wes__Breast/5945/sig_viz.csv
/Users/bs/Documents/TestRun6/MutSigExperiments/Results_Breast_it200_ig100/tuned_train/wgs_wes__Breast/5945/wgs_wes__Breast__document_signature_probabilities_5945.csv
/Users/bs/Documents/TestRun6/MutSigExperiments/Results_Breast_it200_ig100/tuned_train/wgs_wes__Breast/5945/wgs_wes__Breast__signatures_5945.csv
/Users/bs/Documents/TestRun6/MutSigExperiments/Results_Breast_it200_ig100/tuned_train/wgs_wes__Breast/5945/wgs_wes__Breast__document_signature_probabilities_5945.png
Finish time: 2022-08-29 22:28:27.637542
