Start time: 2022-08-30 11:23:14.624624
Model_name:  wgs_wes__Kidney-RCC
Number of records to train:  226
Model directory: /Users/bs/Documents/TestRun6/MutSigExperiments/Results_KidneyRCC_it400_ig100/tuned_train/wgs_wes__Kidney-RCC/5197/

****************************************** LDA TRAINING ******************************************
Tuned model parameters: Num topics = 12, Alpha = 0.31, Beta = 0.91
Passes = 400, Iterations = 400
LDA Signatures (with support): 
topic        mutation_type         0         1         2         3         4         5         6         7         8         9        10        11
0                  A[C>A]A  0.021795  0.010360  0.013101  0.006614  0.025147  0.000656  0.011015  0.017482  0.012308  0.007643  0.020878  0.045191
1                  A[C>A]C  0.008286  0.010382  0.007202  0.005878  0.003621  0.002667  0.005708  0.009276  0.005311  0.003572  0.017478  0.017067
2                  A[C>A]G  0.002125  0.010449  0.001526  0.000958  0.003244  0.001669  0.001261  0.001376  0.002117  0.001004  0.003560  0.004061
3                  A[C>A]T  0.008469  0.010372  0.007990  0.006265  0.010993  0.002482  0.010804  0.010504  0.005033  0.003653  0.013821  0.020780
4                  A[C>G]A  0.009267  0.010341  0.009162  0.004107  0.015072  0.003514  0.004375  0.006405  0.010415  0.002853  0.016809  0.011811
..                     ...       ...       ...       ...       ...       ...       ...       ...       ...       ...       ...       ...       ...
93                 T[T>G]C  0.005513  0.010460  0.015739  0.001633  0.005971  0.000558  0.005146  0.001588  0.001812  0.002003  0.002473  0.007770
94                 T[T>G]G  0.004592  0.010396  0.010684  0.001726  0.006028  0.001732  0.005773  0.005493  0.005598  0.004208  0.004683  0.006213
95                 T[T>G]T  0.009250  0.010376  0.031390  0.002379  0.101900  0.000581  0.019810  0.003000  0.009565  0.003754  0.004371  0.016515
96        support_presence  0.575221       NaN  0.805310  0.659292  0.353982  0.150442  0.676991  0.274336  0.230088  0.384956  0.884956  0.765487
97     support_probability  0.069550       NaN  0.236752  0.064039  0.029548  0.009961  0.072705  0.016564  0.009162  0.031876  0.204719  0.245465

[98 rows x 13 columns]
Mean Cosine Similarity:  0.534
Median Cosine Similarity:  0.603
Variational Lower Bound:  -4600912.315796018

****************************************** SAVE TO DISK ******************************************
/Users/bs/Documents/TestRun6/MutSigExperiments/Results_KidneyRCC_it400_ig100/tuned_train/wgs_wes__Kidney-RCC/5197/similarity_to_cosmic.csv
Mean cosine similarity with matching COSMIC signatures: 
0.8870609079176657
/Users/bs/Documents/TestRun6/MutSigExperiments/Results_KidneyRCC_it400_ig100/tuned_train/wgs_wes__Kidney-RCC/5197/sig_viz.csv
/Users/bs/Documents/TestRun6/MutSigExperiments/Results_KidneyRCC_it400_ig100/tuned_train/wgs_wes__Kidney-RCC/5197/wgs_wes__Kidney-RCC__document_signature_probabilities_5197.csv
/Users/bs/Documents/TestRun6/MutSigExperiments/Results_KidneyRCC_it400_ig100/tuned_train/wgs_wes__Kidney-RCC/5197/wgs_wes__Kidney-RCC__signatures_5197.csv
/Users/bs/Documents/TestRun6/MutSigExperiments/Results_KidneyRCC_it400_ig100/tuned_train/wgs_wes__Kidney-RCC/5197/wgs_wes__Kidney-RCC__document_signature_probabilities_5197.png
Finish time: 2022-08-30 11:43:48.021546
