Start time: 2022-08-31 11:48:40.671349
Model_name:  wgs_wes__Head-SCC
Number of records to train:  438
Model directory: /Users/bs/Documents/TestRun6/MutSigExperiments/Results_KidneyRCC_it400_ig100/tuned_train/wgs_wes__Head-SCC/825/

****************************************** LDA TRAINING ******************************************
Tuned model parameters: Num topics = 14, Alpha = 0.91, Beta = 0.31
Passes = 400, Iterations = 400
LDA Signatures (with support): 
topic        mutation_type         0         1         2         3         4         5         6         7         8         9        10        11        12        13
0                  A[C>A]A  0.031827  0.039107  0.004813  0.000024  0.019764  0.001299  0.005204  0.019522  0.000015  0.006452  0.021783  0.000554  0.018007  0.012730
1                  A[C>A]C  0.009874  0.020103  0.000943  0.000176  0.024222  0.000882  0.049597  0.008486  0.000902  0.005023  0.007225  0.000239  0.008496  0.001399
2                  A[C>A]G  0.004693  0.008236  0.000407  0.000026  0.039865  0.000110  0.000054  0.001574  0.000014  0.000837  0.000100  0.000345  0.001697  0.001734
3                  A[C>A]T  0.004091  0.023411  0.002122  0.000024  0.011602  0.001146  0.012415  0.013618  0.000863  0.004796  0.009653  0.000374  0.007539  0.009524
4                  A[C>G]A  0.007993  0.013947  0.000743  0.000024  0.013017  0.003195  0.002189  0.007375  0.000929  0.002786  0.012975  0.001788  0.001871  0.000021
..                     ...       ...       ...       ...       ...       ...       ...       ...       ...       ...       ...       ...       ...       ...       ...
93                 T[T>G]C  0.002205  0.001018  0.000555  0.002440  0.001530  0.000185  0.005733  0.004294  0.000329  0.000790  0.004590  0.000264  0.003732  0.000334
94                 T[T>G]G  0.009632  0.004070  0.001613  0.000024  0.003302  0.000328  0.000748  0.006619  0.000014  0.001447  0.008664  0.000528  0.003026  0.000373
95                 T[T>G]T  0.000303  0.003354  0.019526  0.000023  0.000013  0.000646  0.002663  0.013562  0.000724  0.004592  0.019764  0.000016  0.012573  0.000021
96        support_presence  0.787671  0.894977  0.915525  0.890411  0.872146  0.926941  0.872146  0.869863  0.904110  0.817352  0.901826  0.926941  0.924658  0.773973
97     support_probability  0.045475  0.057685  0.051120  0.068952  0.092954  0.189883  0.053509  0.079316  0.053491  0.024570  0.052726  0.097322  0.068231  0.054784

[98 rows x 15 columns]
Mean Cosine Similarity:  0.369
Median Cosine Similarity:  0.337
Variational Lower Bound:  -3953872.989364147

****************************************** SAVE TO DISK ******************************************
/Users/bs/Documents/TestRun6/MutSigExperiments/Results_KidneyRCC_it400_ig100/tuned_train/wgs_wes__Head-SCC/825/similarity_to_cosmic.csv
Mean cosine similarity with matching COSMIC signatures: 
0.8750334673345951
/Users/bs/Documents/TestRun6/MutSigExperiments/Results_KidneyRCC_it400_ig100/tuned_train/wgs_wes__Head-SCC/825/sig_viz.csv
/Users/bs/Documents/TestRun6/MutSigExperiments/Results_KidneyRCC_it400_ig100/tuned_train/wgs_wes__Head-SCC/825/wgs_wes__Head-SCC__document_signature_probabilities_825.csv
/Users/bs/Documents/TestRun6/MutSigExperiments/Results_KidneyRCC_it400_ig100/tuned_train/wgs_wes__Head-SCC/825/wgs_wes__Head-SCC__signatures_825.csv
/Users/bs/Documents/TestRun6/MutSigExperiments/Results_KidneyRCC_it400_ig100/tuned_train/wgs_wes__Head-SCC/825/wgs_wes__Head-SCC__document_signature_probabilities_825.png
Finish time: 2022-08-31 11:57:32.749167
