Start time: 2022-08-30 13:35:21.692129
Model_name:  wgs_wes__Kidney-RCC
Number of records to train:  226
Model directory: /Users/bs/Documents/TestRun6/MutSigExperiments/Results_KidneyRCC_it400_ig100/tuned_train/wgs_wes__Kidney-RCC/8670/

****************************************** LDA TRAINING ******************************************
Tuned model parameters: Num topics = 12, Alpha = 0.31, Beta = 0.91
Passes = 400, Iterations = 400
LDA Signatures (with support): 
topic        mutation_type         0         1         2         3         4         5         6         7         8         9        10        11
0                  A[C>A]A  0.046667  0.019613  0.014827  0.008546  0.027207  0.010334  0.007625  0.006418  0.010334  0.014935  0.000631  0.020044
1                  A[C>A]C  0.019657  0.012699  0.008251  0.003616  0.003901  0.010390  0.003811  0.005883  0.010390  0.007718  0.002313  0.008922
2                  A[C>A]G  0.004652  0.002110  0.001765  0.001250  0.003087  0.010454  0.000936  0.001008  0.010454  0.001517  0.000985  0.002257
3                  A[C>A]T  0.021387  0.015015  0.007119  0.014102  0.010697  0.010364  0.003790  0.006106  0.010364  0.008624  0.002207  0.007905
4                  A[C>G]A  0.013734  0.013135  0.010341  0.001855  0.015308  0.010349  0.002891  0.004310  0.010349  0.009382  0.003567  0.009900
..                     ...       ...       ...       ...       ...       ...       ...       ...       ...       ...       ...       ...       ...
93                 T[T>G]C  0.005385  0.006891  0.014881  0.014292  0.006947  0.010389  0.001628  0.001141  0.010389  0.001887  0.000584  0.004941
94                 T[T>G]G  0.005284  0.007300  0.010424  0.009331  0.006205  0.010381  0.004296  0.001561  0.010381  0.006280  0.001855  0.004272
95                 T[T>G]T  0.012037  0.016868  0.031262  0.020267  0.099856  0.010345  0.002966  0.003413  0.010345  0.007809  0.000620  0.006606
96        support_presence  0.853982  0.738938  0.827434  0.601770  0.429204       NaN  0.433628  0.836283       NaN  0.261062  0.137168  0.703540
97     support_probability  0.281559  0.122905  0.245886  0.052458  0.033360       NaN  0.037267  0.109115       NaN  0.012852  0.009597  0.086823

[98 rows x 13 columns]
Mean Cosine Similarity:  0.564
Median Cosine Similarity:  0.653
Variational Lower Bound:  -4601238.573182464

****************************************** SAVE TO DISK ******************************************
/Users/bs/Documents/TestRun6/MutSigExperiments/Results_KidneyRCC_it400_ig100/tuned_train/wgs_wes__Kidney-RCC/8670/similarity_to_cosmic.csv
Mean cosine similarity with matching COSMIC signatures: 
0.8823388992280579
/Users/bs/Documents/TestRun6/MutSigExperiments/Results_KidneyRCC_it400_ig100/tuned_train/wgs_wes__Kidney-RCC/8670/sig_viz.csv
/Users/bs/Documents/TestRun6/MutSigExperiments/Results_KidneyRCC_it400_ig100/tuned_train/wgs_wes__Kidney-RCC/8670/wgs_wes__Kidney-RCC__document_signature_probabilities_8670.csv
/Users/bs/Documents/TestRun6/MutSigExperiments/Results_KidneyRCC_it400_ig100/tuned_train/wgs_wes__Kidney-RCC/8670/wgs_wes__Kidney-RCC__signatures_8670.csv
/Users/bs/Documents/TestRun6/MutSigExperiments/Results_KidneyRCC_it400_ig100/tuned_train/wgs_wes__Kidney-RCC/8670/wgs_wes__Kidney-RCC__document_signature_probabilities_8670.png
Finish time: 2022-08-30 13:48:22.076882
