Start time: 2022-08-29 20:00:40.402056
Model_name:  wgs_wes__Breast
Number of records to train:  934
Model directory: /Users/bs/Documents/TestRun6/MutSigExperiments/Results_Breast_it200_ig100/tuned_train/wgs_wes__Breast/5547/

****************************************** LDA TRAINING ******************************************
Tuned model parameters: Num topics = 14, Alpha = 0.31, Beta = 0.31
Passes = 200, Iterations = 200
LDA Signatures (with support): 
topic        mutation_type         0         1         2         3         4         5         6         7         8         9        10        11        12        13
0                  A[C>A]A  0.010260  0.025720  0.023434  0.018193  0.031543  0.015443  0.003606  0.008105  0.013334  0.000766  0.000353  0.000021  0.013618  0.005237
1                  A[C>A]C  0.008389  0.026080  0.014714  0.012820  0.018662  0.011149  0.003025  0.006915  0.014597  0.000460  0.002567  0.000424  0.011685  0.006528
2                  A[C>A]G  0.006910  0.003327  0.001914  0.002146  0.003058  0.001528  0.000218  0.001047  0.002537  0.000114  0.000524  0.000011  0.002439  0.001246
3                  A[C>A]T  0.006879  0.028234  0.014244  0.008604  0.014725  0.012756  0.002220  0.007131  0.007686  0.000422  0.007301  0.001777  0.009515  0.004713
4                  A[C>G]A  0.017768  0.014700  0.005524  0.006569  0.005514  0.023017  0.002443  0.008926  0.004649  0.001686  0.000815  0.001274  0.019902  0.003012
..                     ...       ...       ...       ...       ...       ...       ...       ...       ...       ...       ...       ...       ...       ...       ...
93                 T[T>G]C  0.007370  0.003039  0.001744  0.005500  0.003635  0.007838  0.008816  0.002194  0.003182  0.000038  0.003233  0.000418  0.003140  0.001163
94                 T[T>G]G  0.012132  0.007508  0.003189  0.010202  0.003821  0.012817  0.005046  0.003070  0.003345  0.000097  0.001465  0.001788  0.005048  0.003232
95                 T[T>G]T  0.019294  0.009041  0.005578  0.012020  0.012725  0.019698  0.093437  0.007002  0.009372  0.000158  0.025808  0.006362  0.008814  0.004650
96        support_presence  0.573876  0.601713  0.672377  0.459315  0.660600  0.578158  0.233405  0.506424  0.677730  0.576017  0.387580  0.544968  0.556745  0.806210
97     support_probability  0.046069  0.100104  0.072362  0.026151  0.114879  0.071410  0.008273  0.040012  0.139799  0.144200  0.015126  0.037136  0.069112  0.104079

[98 rows x 15 columns]
Mean Cosine Similarity:  0.466
Median Cosine Similarity:  0.52
Variational Lower Bound:  -17946948.87217629

****************************************** SAVE TO DISK ******************************************
/Users/bs/Documents/TestRun6/MutSigExperiments/Results_Breast_it200_ig100/tuned_train/wgs_wes__Breast/5547/similarity_to_cosmic.csv
Mean cosine similarity with matching COSMIC signatures: 
0.8817440342677064
/Users/bs/Documents/TestRun6/MutSigExperiments/Results_Breast_it200_ig100/tuned_train/wgs_wes__Breast/5547/sig_viz.csv
/Users/bs/Documents/TestRun6/MutSigExperiments/Results_Breast_it200_ig100/tuned_train/wgs_wes__Breast/5547/wgs_wes__Breast__document_signature_probabilities_5547.csv
/Users/bs/Documents/TestRun6/MutSigExperiments/Results_Breast_it200_ig100/tuned_train/wgs_wes__Breast/5547/wgs_wes__Breast__signatures_5547.csv
/Users/bs/Documents/TestRun6/MutSigExperiments/Results_Breast_it200_ig100/tuned_train/wgs_wes__Breast/5547/wgs_wes__Breast__document_signature_probabilities_5547.png
Finish time: 2022-08-29 20:18:55.039966
