Start time: 2022-08-29 21:12:27.883891
Model_name:  wgs_wes__Breast
Number of records to train:  934
Model directory: /Users/bs/Documents/TestRun6/MutSigExperiments/Results_Breast_it200_ig100/tuned_train/wgs_wes__Breast/4526/

****************************************** LDA TRAINING ******************************************
Tuned model parameters: Num topics = 14, Alpha = 0.31, Beta = 0.31
Passes = 200, Iterations = 200
LDA Signatures (with support): 
topic        mutation_type         0         1         2         3         4         5         6         7         8         9        10        11        12        13
0                  A[C>A]A  0.033166  0.025891  0.012304  0.003008  0.013691  0.002345  0.003607  0.007748  0.000024  0.006048  0.001075  0.025894  0.025643  0.016676
1                  A[C>A]C  0.017970  0.015709  0.009342  0.003365  0.010774  0.002528  0.002845  0.010341  0.000317  0.008841  0.000695  0.021819  0.026182  0.014851
2                  A[C>A]G  0.002912  0.002672  0.004794  0.000482  0.002232  0.000575  0.000210  0.001356  0.000002  0.001878  0.000133  0.002986  0.003421  0.001965
3                  A[C>A]T  0.013759  0.011825  0.007394  0.002685  0.010973  0.008374  0.002021  0.006944  0.002554  0.004877  0.000623  0.024016  0.027019  0.008321
4                  A[C>G]A  0.004106  0.010071  0.012237  0.002398  0.019313  0.000890  0.002603  0.008920  0.001373  0.003073  0.001751  0.020682  0.009660  0.006578
..                     ...       ...       ...       ...       ...       ...       ...       ...       ...       ...       ...       ...       ...       ...       ...
93                 T[T>G]C  0.002355  0.004255  0.008102  0.002362  0.004595  0.003290  0.009133  0.002919  0.000160  0.001321  0.000075  0.005048  0.002293  0.004741
94                 T[T>G]G  0.003002  0.011059  0.008957  0.004182  0.007612  0.001497  0.005279  0.003871  0.001787  0.002725  0.000131  0.011177  0.004899  0.006084
95                 T[T>G]T  0.006138  0.009126  0.019087  0.009273  0.012905  0.026060  0.095379  0.009950  0.005753  0.004491  0.000265  0.011865  0.007617  0.018575
96        support_presence  0.686296  0.350107  0.632762  0.481799  0.676660  0.496788  0.240899  0.737687  0.392934  0.832976  0.664882  0.564240  0.618844  0.625268
97     support_probability  0.123774  0.016548  0.063992  0.024616  0.120448  0.019640  0.008324  0.073719  0.021281  0.122219  0.166427  0.081014  0.074688  0.071835

[98 rows x 15 columns]
Mean Cosine Similarity:  0.469
Median Cosine Similarity:  0.489
Variational Lower Bound:  -17949617.21193564

****************************************** SAVE TO DISK ******************************************
/Users/bs/Documents/TestRun6/MutSigExperiments/Results_Breast_it200_ig100/tuned_train/wgs_wes__Breast/4526/similarity_to_cosmic.csv
Mean cosine similarity with matching COSMIC signatures: 
0.8987938654410611
/Users/bs/Documents/TestRun6/MutSigExperiments/Results_Breast_it200_ig100/tuned_train/wgs_wes__Breast/4526/sig_viz.csv
/Users/bs/Documents/TestRun6/MutSigExperiments/Results_Breast_it200_ig100/tuned_train/wgs_wes__Breast/4526/wgs_wes__Breast__document_signature_probabilities_4526.csv
/Users/bs/Documents/TestRun6/MutSigExperiments/Results_Breast_it200_ig100/tuned_train/wgs_wes__Breast/4526/wgs_wes__Breast__signatures_4526.csv
/Users/bs/Documents/TestRun6/MutSigExperiments/Results_Breast_it200_ig100/tuned_train/wgs_wes__Breast/4526/wgs_wes__Breast__document_signature_probabilities_4526.png
Finish time: 2022-08-29 22:01:09.573841
