Start time: 2022-08-29 22:55:26.795361
Model_name:  wgs_wes__Breast
Number of records to train:  934
Model directory: /Users/bs/Documents/TestRun6/MutSigExperiments/Results_Breast_it200_ig100/tuned_train/wgs_wes__Breast/9871/

****************************************** LDA TRAINING ******************************************
Tuned model parameters: Num topics = 14, Alpha = 0.31, Beta = 0.31
Passes = 200, Iterations = 200
LDA Signatures (with support): 
topic        mutation_type         0         1         2         3         4         5         6         7         8         9        10        11        12        13
0                  A[C>A]A  0.018999  0.040798  0.017972  0.003685  0.000010  0.013275  0.010952  0.002929  0.009616  0.002928  0.000783  0.021649  0.024130  0.012526
1                  A[C>A]C  0.014568  0.021503  0.017194  0.002942  0.000339  0.012405  0.010487  0.003377  0.008524  0.003933  0.000495  0.012283  0.025501  0.007062
2                  A[C>A]G  0.002357  0.003342  0.001806  0.000235  0.000003  0.002694  0.001600  0.000580  0.001332  0.000643  0.000115  0.002375  0.003268  0.005862
3                  A[C>A]T  0.013013  0.021549  0.009903  0.002046  0.002030  0.007061  0.007817  0.003143  0.008537  0.007131  0.000470  0.008190  0.028638  0.008548
4                  A[C>G]A  0.025709  0.006388  0.005084  0.002730  0.001292  0.004461  0.007324  0.002643  0.012172  0.001285  0.001672  0.008511  0.014327  0.019740
..                     ...       ...       ...       ...       ...       ...       ...       ...       ...       ...       ...       ...       ...       ...       ...
93                 T[T>G]C  0.006728  0.002257  0.004305  0.009122  0.000109  0.002839  0.002532  0.002678  0.002787  0.002670  0.000054  0.004116  0.003298  0.007776
94                 T[T>G]G  0.010397  0.003475  0.005888  0.005101  0.001833  0.003324  0.003434  0.004179  0.004181  0.001638  0.000106  0.011233  0.007941  0.014740
95                 T[T>G]T  0.014074  0.008116  0.015935  0.095268  0.005069  0.007828  0.007349  0.010873  0.008832  0.020814  0.000206  0.008729  0.009709  0.022407
96        support_presence  0.628480  0.717345  0.645610  0.249465  0.489293  0.853319  0.741970  0.580300  0.630621  0.471092  0.620985  0.305139  0.573876  0.525696
97     support_probability  0.089941  0.087961  0.072255  0.008464  0.029792  0.200665  0.078952  0.033965  0.071043  0.022375  0.150583  0.011639  0.087489  0.043625

[98 rows x 15 columns]
Mean Cosine Similarity:  0.453
Median Cosine Similarity:  0.439
Variational Lower Bound:  -17944622.549170613

****************************************** SAVE TO DISK ******************************************
/Users/bs/Documents/TestRun6/MutSigExperiments/Results_Breast_it200_ig100/tuned_train/wgs_wes__Breast/9871/similarity_to_cosmic.csv
Mean cosine similarity with matching COSMIC signatures: 
0.8852825841128928
/Users/bs/Documents/TestRun6/MutSigExperiments/Results_Breast_it200_ig100/tuned_train/wgs_wes__Breast/9871/sig_viz.csv
/Users/bs/Documents/TestRun6/MutSigExperiments/Results_Breast_it200_ig100/tuned_train/wgs_wes__Breast/9871/wgs_wes__Breast__document_signature_probabilities_9871.csv
/Users/bs/Documents/TestRun6/MutSigExperiments/Results_Breast_it200_ig100/tuned_train/wgs_wes__Breast/9871/wgs_wes__Breast__signatures_9871.csv
/Users/bs/Documents/TestRun6/MutSigExperiments/Results_Breast_it200_ig100/tuned_train/wgs_wes__Breast/9871/wgs_wes__Breast__document_signature_probabilities_9871.png
Finish time: 2022-08-29 23:23:46.490278
