Start time: 2022-08-31 14:29:21.119287
Model_name:  wgs_wes__Eso
Number of records to train:  724
Model directory: /Users/bs/Documents/TestRun6/MutSigExperiments/Results_KidneyRCC_it400_ig100/tuned_train/wgs_wes__Eso/1213/

****************************************** LDA TRAINING ******************************************
Tuned model parameters: Num topics = 12, Alpha = 0.31, Beta = 0.31
Passes = 400, Iterations = 400
LDA Signatures (with support): 
topic        mutation_type         0         1         2         3         4         5         6         7         8         9        10        11
0                  A[C>A]A  0.001692  0.021080  0.011748  0.002908  0.017713  0.015169  0.022394  0.004790  0.003948  0.006902  0.002136  0.046513
1                  A[C>A]C  0.001232  0.016653  0.008439  0.001812  0.010423  0.005394  0.015446  0.001817  0.003114  0.003538  0.006768  0.012689
2                  A[C>A]G  0.000249  0.003388  0.000720  0.000231  0.001153  0.001491  0.001535  0.001012  0.001126  0.000501  0.006771  0.002874
3                  A[C>A]T  0.002513  0.017350  0.005143  0.002185  0.009604  0.008357  0.015287  0.001703  0.002156  0.004069  0.001046  0.020056
4                  A[C>G]A  0.002131  0.014850  0.003346  0.001207  0.003305  0.007095  0.005978  0.001800  0.003649  0.005344  0.001881  0.003870
..                     ...       ...       ...       ...       ...       ...       ...       ...       ...       ...       ...       ...       ...
93                 T[T>G]C  0.000799  0.004011  0.001171  0.006072  0.001415  0.008627  0.001860  0.015937  0.001717  0.001405  0.000846  0.001040
94                 T[T>G]G  0.002572  0.008556  0.001873  0.003509  0.003251  0.009852  0.004076  0.011870  0.001054  0.003356  0.000280  0.002772
95                 T[T>G]T  0.008914  0.008077  0.005781  0.093961  0.028427  0.022671  0.040240  0.051965  0.000259  0.017369  0.000006  0.005250
96        support_presence  0.283149  0.646409  0.371547  0.375691  0.330110  0.259669  0.204420  0.419890  0.676796  0.292818  0.861878  0.526243
97     support_probability  0.031776  0.157670  0.058716  0.100409  0.037457  0.019359  0.031416  0.031934  0.174395  0.023390  0.262282  0.056611

[98 rows x 13 columns]
Mean Cosine Similarity:  0.46
Median Cosine Similarity:  0.403
Variational Lower Bound:  -12895569.448018432

****************************************** SAVE TO DISK ******************************************
/Users/bs/Documents/TestRun6/MutSigExperiments/Results_KidneyRCC_it400_ig100/tuned_train/wgs_wes__Eso/1213/similarity_to_cosmic.csv
Mean cosine similarity with matching COSMIC signatures: 
0.8953741228761388
/Users/bs/Documents/TestRun6/MutSigExperiments/Results_KidneyRCC_it400_ig100/tuned_train/wgs_wes__Eso/1213/sig_viz.csv
/Users/bs/Documents/TestRun6/MutSigExperiments/Results_KidneyRCC_it400_ig100/tuned_train/wgs_wes__Eso/1213/wgs_wes__Eso__document_signature_probabilities_1213.csv
/Users/bs/Documents/TestRun6/MutSigExperiments/Results_KidneyRCC_it400_ig100/tuned_train/wgs_wes__Eso/1213/wgs_wes__Eso__signatures_1213.csv
/Users/bs/Documents/TestRun6/MutSigExperiments/Results_KidneyRCC_it400_ig100/tuned_train/wgs_wes__Eso/1213/wgs_wes__Eso__document_signature_probabilities_1213.png
Finish time: 2022-08-31 14:50:01.922198
