Start time: 2022-08-30 12:37:00.336008
Model_name:  wgs_wes__Kidney-RCC
Number of records to train:  226
Model directory: /Users/bs/Documents/TestRun6/MutSigExperiments/Results_KidneyRCC_it400_ig100/tuned_train/wgs_wes__Kidney-RCC/3235/

****************************************** LDA TRAINING ******************************************
Tuned model parameters: Num topics = 12, Alpha = 0.31, Beta = 0.91
Passes = 400, Iterations = 400
LDA Signatures (with support): 
topic        mutation_type         0         1  ...         9        10        11
0                  A[C>A]A  0.006442  0.007829  ...  0.010358  0.010358  0.045040
1                  A[C>A]C  0.005916  0.003784  ...  0.010397  0.010397  0.020523
2                  A[C>A]G  0.000893  0.000939  ...  0.010442  0.010442  0.004319
3                  A[C>A]T  0.006582  0.004007  ...  0.010375  0.010375  0.022071
4                  A[C>G]A  0.004032  0.003262  ...  0.010358  0.010358  0.014460
..                     ...       ...       ...  ...       ...       ...       ...
93                 T[T>G]C  0.001746  0.001614  ...  0.010424  0.010424  0.004194
94                 T[T>G]G  0.001775  0.004585  ...  0.010390  0.010390  0.004662
95                 T[T>G]T  0.003020  0.003237  ...  0.010361  0.010361  0.009501
96        support_presence  0.548673  0.464602  ...       NaN       NaN  0.796460
97     support_probability  0.048309  0.041044  ...       NaN       NaN  0.215344

[98 rows x 13 columns]
Mean Cosine Similarity:  0.606
Median Cosine Similarity:  0.759
Variational Lower Bound:  -4600729.532445312

****************************************** SAVE TO DISK ******************************************
/Users/bs/Documents/TestRun6/MutSigExperiments/Results_KidneyRCC_it400_ig100/tuned_train/wgs_wes__Kidney-RCC/3235/similarity_to_cosmic.csv
Mean cosine similarity with matching COSMIC signatures: 
0.8793949671632514
/Users/bs/Documents/TestRun6/MutSigExperiments/Results_KidneyRCC_it400_ig100/tuned_train/wgs_wes__Kidney-RCC/3235/sig_viz.csv
/Users/bs/Documents/TestRun6/MutSigExperiments/Results_KidneyRCC_it400_ig100/tuned_train/wgs_wes__Kidney-RCC/3235/wgs_wes__Kidney-RCC__document_signature_probabilities_3235.csv
/Users/bs/Documents/TestRun6/MutSigExperiments/Results_KidneyRCC_it400_ig100/tuned_train/wgs_wes__Kidney-RCC/3235/wgs_wes__Kidney-RCC__signatures_3235.csv
/Users/bs/Documents/TestRun6/MutSigExperiments/Results_KidneyRCC_it400_ig100/tuned_train/wgs_wes__Kidney-RCC/3235/wgs_wes__Kidney-RCC__document_signature_probabilities_3235.png
Finish time: 2022-08-30 12:51:33.055835
