Start time: 2022-08-29 20:40:37.741625
Model_name:  alphamatrix__covid
Number of records to train:  86
Model directory: /Users/bs/Documents/TestRun6/MutSigExperiments/Results_covid_it1000_ig0/tuned_train/alphamatrix__covid/7528/

****************************************** LDA TRAINING ******************************************
Tuned model parameters: Num topics = 4, Alpha = 0.61, Beta = 0.91
Passes = 1000, Iterations = 1000
LDA Signatures (with support): 
topic        mutation_type         0         1         2         3
0                  A[A>C]A  0.005266  0.005394  0.002861  0.006552
1                  A[A>C]C  0.005091  0.005216  0.000361  0.003413
2                  A[A>C]G  0.005077  0.005174  0.001926  0.006093
3                  A[A>C]T  0.005010  0.005119  0.001993  0.007318
4                  A[A>G]A  0.005213  0.005334  0.011402  0.012381
..                     ...       ...       ...       ...       ...
189                T[T>G]C  0.004967  0.005084  0.001063  0.005237
190                T[T>G]G  0.005119  0.005241  0.000599  0.004378
191                T[T>G]T  0.005269  0.005392  0.000948  0.006775
192       support_presence  0.104651  0.104651  0.988372  0.941860
193    support_probability  0.009102  0.006841  0.568314  0.413653

[194 rows x 5 columns]
Mean Cosine Similarity:  0.797
Median Cosine Similarity:  0.847
Variational Lower Bound:  -1052098.9076096416

****************************************** SAVE TO DISK ******************************************
/Users/bs/Documents/TestRun6/MutSigExperiments/Results_covid_it1000_ig0/tuned_train/alphamatrix__covid/7528/sig_viz.csv
/Users/bs/Documents/TestRun6/MutSigExperiments/Results_covid_it1000_ig0/tuned_train/alphamatrix__covid/7528/alphamatrix__covid__document_signature_probabilities_7528.csv
/Users/bs/Documents/TestRun6/MutSigExperiments/Results_covid_it1000_ig0/tuned_train/alphamatrix__covid/7528/alphamatrix__covid__signatures_7528.csv
/Users/bs/Documents/TestRun6/MutSigExperiments/Results_covid_it1000_ig0/tuned_train/alphamatrix__covid/7528/alphamatrix__covid__document_signature_probabilities_7528.png
Finish time: 2022-08-29 20:45:46.798719
